Using pre-set license
Built from '2020.3/release' branch; Version is '2020.3.12f1 (b3b2c6512326) revision 11776710'; Using compiler version '192528614'; Build Type 'Release'
OS: 'Windows 10 Pro; OS build 19042.1083; Version 2009; 64bit' Language: 'ru' Physical Memory: 16120 MB
BatchMode: 1, IsHumanControllingUs: 0, StartBugReporterOnCrash: 0, Is64bit: 1, IsPro: 0

 COMMAND LINE ARGUMENTS:
C:\Program Files\Unity\Hub\Editor\2020.3.12f1\Editor\Unity.exe
-adb2
-batchMode
-noUpm
-name
AssetImportWorker0
-projectPath
C:/Users/User/Desktop/DreamFall3D/Dreamfall
-logFile
Logs/AssetImportWorker0.log
-srvPort
62134
Successfully changed project path to: C:/Users/User/Desktop/DreamFall3D/Dreamfall
C:/Users/User/Desktop/DreamFall3D/Dreamfall
Using Asset Import Pipeline V2.
Refreshing native plugins compatible for Editor in 62.12 ms, found 2 plugins.
Preloading 0 native plugins for Editor in 0.00 ms.
Initialize engine version: 2020.3.12f1 (b3b2c6512326)
[Subsystems] Discovering subsystems at path C:/Program Files/Unity/Hub/Editor/2020.3.12f1/Editor/Data/Resources/UnitySubsystems
[Subsystems] Discovering subsystems at path C:/Users/User/Desktop/DreamFall3D/Dreamfall/Assets
GfxDevice: creating device client; threaded=0
Direct3D:
    Version:  Direct3D 11.0 [level 11.1]
    Renderer: NVIDIA GeForce GTX 1660 Ti with Max-Q Design (ID=0x2191)
    Vendor:   
    VRAM:     5991 MB
    Driver:   27.21.14.5763
Initialize mono
Mono path[0] = 'C:/Program Files/Unity/Hub/Editor/2020.3.12f1/Editor/Data/Managed'
Mono path[1] = 'C:/Program Files/Unity/Hub/Editor/2020.3.12f1/Editor/Data/MonoBleedingEdge/lib/mono/unityjit'
Mono config path = 'C:/Program Files/Unity/Hub/Editor/2020.3.12f1/Editor/Data/MonoBleedingEdge/etc'
Using monoOptions --debugger-agent=transport=dt_socket,embedding=1,server=y,suspend=n,address=127.0.0.1:56204
Begin MonoManager ReloadAssembly
Registering precompiled unity dll's ...
Register platform support module: C:/Program Files/Unity/Hub/Editor/2020.3.12f1/Editor/Data/PlaybackEngines/WebGLSupport/UnityEditor.WebGL.Extensions.dll
Register platform support module: C:/Program Files/Unity/Hub/Editor/2020.3.12f1/Editor/Data/PlaybackEngines/WindowsStandaloneSupport/UnityEditor.WindowsStandalone.Extensions.dll
Registered in 0.002735 seconds.
Native extension for WindowsStandalone target not found
Native extension for WebGL target not found
Refreshing native plugins compatible for Editor in 67.15 ms, found 2 plugins.
Preloading 0 native plugins for Editor in 0.00 ms.
Mono: successfully reloaded assembly
- Completed reload, in  2.483 seconds
Platform modules already initialized, skipping
Registering precompiled user dll's ...
Registered in 0.003935 seconds.
Begin MonoManager ReloadAssembly
Native extension for WindowsStandalone target not found
Native extension for WebGL target not found
Refreshing native plugins compatible for Editor in 58.37 ms, found 2 plugins.
Preloading 0 native plugins for Editor in 0.00 ms.
Mono: successfully reloaded assembly
- Completed reload, in  1.571 seconds
Platform modules already initialized, skipping
========================================================================
Worker process is ready to serve import requests
Launched and connected shader compiler UnityShaderCompiler.exe after 0.05 seconds
Refreshing native plugins compatible for Editor in 0.95 ms, found 2 plugins.
Preloading 0 native plugins for Editor in 0.00 ms.
Unloading 2859 Unused Serialized files (Serialized files now loaded: 0)
System memory in use before: 123.0 MB.
System memory in use after: 123.2 MB.

Unloading 21 unused Assets to reduce memory usage. Loaded Objects now: 3309.
Total: 2.740400 ms (FindLiveObjects: 0.265000 ms CreateObjectMapping: 0.133100 ms MarkObjects: 2.186100 ms  DeleteObjects: 0.155100 ms)

AssetImportParameters requested are different than current active one (requested -> active):
  custom:framework-win-MediaFoundation: 216162199b28c13a410421893ffa2e32 -> 
  custom:video-decoder-ogg-theora: a1e56fd34408186e4bbccfd4996cb3dc -> 
  custom:container-muxer-webm: aa71ff27fc2769a1b78a27578f13a17b -> 
  custom:container-demuxer-webm: 4f35f7cbe854078d1ac9338744f61a02 -> 
  custom:container-demuxer-ogg: 62fdf1f143b41e24485cea50d1cbac27 -> 
  custom:video-encoder-webm-vp8: eb34c28f22e8b96e1ab97ce403110664 -> 
  custom:video-decoder-webm-vp8: 9c59270c3fd7afecdb556c50c9e8de78 -> 
  custom:audio-decoder-ogg-vorbis: bf7c407c2cedff20999df2af8eb42d56 -> 
  custom:audio-encoder-webm-vorbis: bf7c407c2cedff20999df2af8eb42d56 -> 
========================================================================
Received Import Request.
  path: Assets/Day-Night Skyboxes/Textures/SkyNight_Back.png
  artifactKey: Guid(e65a7ad9e078ebe46a18ab96337a8d63) Importer(815301076,1909f56bfc062723c751e8b465ee728b)
Start importing Assets/Day-Night Skyboxes/Textures/SkyNight_Back.png using Guid(e65a7ad9e078ebe46a18ab96337a8d63) Importer(815301076,1909f56bfc062723c751e8b465ee728b)  -> (artifact id: '4ae6dfd348c625bc08f680e4e9074b86') in 0.085733 seconds 
  Import took 0.090413 seconds .

========================================================================
Received Import Request.
  Time since last request: 0.000370 seconds.
  path: Assets/Day-Night Skyboxes/Textures/SkySunSet_Top.png
  artifactKey: Guid(2d392eade9cbd2546bb57e72a95e6df6) Importer(815301076,1909f56bfc062723c751e8b465ee728b)
Start importing Assets/Day-Night Skyboxes/Textures/SkySunSet_Top.png using Guid(2d392eade9cbd2546bb57e72a95e6df6) Importer(815301076,1909f56bfc062723c751e8b465ee728b)  -> (artifact id: 'c3f49d2cb3dff8067ae36d0b52dde2cb') in 0.033924 seconds 
  Import took 0.040498 seconds .

========================================================================
Received Import Request.
  Time since last request: 0.000363 seconds.
  path: Assets/Day-Night Skyboxes/Textures/SkyNight_Front.png
  artifactKey: Guid(6b14f3b4e0f9b0f48977fd2d27e03dfa) Importer(815301076,1909f56bfc062723c751e8b465ee728b)
Start importing Assets/Day-Night Skyboxes/Textures/SkyNight_Front.png using Guid(6b14f3b4e0f9b0f48977fd2d27e03dfa) Importer(815301076,1909f56bfc062723c751e8b465ee728b)  -> (artifact id: 'a7b2fcacb83894ea6957e2c3d19b96f6') in 0.034397 seconds 
  Import took 0.041188 seconds .

========================================================================
Received Import Request.
  Time since last request: 0.000379 seconds.
  path: Assets/Day-Night Skyboxes/Textures/SkyAfterNoon_Back.png
  artifactKey: Guid(c01c0eb1cbd649e44a59f130b953a379) Importer(815301076,1909f56bfc062723c751e8b465ee728b)
Start importing Assets/Day-Night Skyboxes/Textures/SkyAfterNoon_Back.png using Guid(c01c0eb1cbd649e44a59f130b953a379) Importer(815301076,1909f56bfc062723c751e8b465ee728b)  -> (artifact id: '979acf98c438c5419d9778402093d1f6') in 0.028977 seconds 
  Import took 0.034401 seconds .

========================================================================
Received Import Request.
  Time since last request: 0.000277 seconds.
  path: Assets/Day-Night Skyboxes/Textures/SkyAfterNoon_Right.png
  artifactKey: Guid(811d583fb21e7a147a32350476c9b9b5) Importer(815301076,1909f56bfc062723c751e8b465ee728b)
Start importing Assets/Day-Night Skyboxes/Textures/SkyAfterNoon_Right.png using Guid(811d583fb21e7a147a32350476c9b9b5) Importer(815301076,1909f56bfc062723c751e8b465ee728b)  -> (artifact id: '268f5d1d2ea659bdc9961b76c71f0d2f') in 0.031979 seconds 
  Import took 0.037266 seconds .

========================================================================
Received Import Request.
  Time since last request: 0.000244 seconds.
  path: Assets/Day-Night Skyboxes/Textures/SkyBrightMorning_Bottom.png
  artifactKey: Guid(e152b2ea193082342959aac7a05adc7b) Importer(815301076,1909f56bfc062723c751e8b465ee728b)
Start importing Assets/Day-Night Skyboxes/Textures/SkyBrightMorning_Bottom.png using Guid(e152b2ea193082342959aac7a05adc7b) Importer(815301076,1909f56bfc062723c751e8b465ee728b)  -> (artifact id: 'e6e52c3be20366fc1dfe6c3f651a6538') in 0.034697 seconds 
  Import took 0.039838 seconds .

========================================================================
Received Import Request.
  Time since last request: 0.000365 seconds.
  path: Assets/Day-Night Skyboxes/Textures/SkyMidNight_Back.png
  artifactKey: Guid(1a40cbba43c28844d9d5434d798a3784) Importer(815301076,1909f56bfc062723c751e8b465ee728b)
Start importing Assets/Day-Night Skyboxes/Textures/SkyMidNight_Back.png using Guid(1a40cbba43c28844d9d5434d798a3784) Importer(815301076,1909f56bfc062723c751e8b465ee728b)  -> (artifact id: '952f199d4a7fddb1900e3079a8dcde5c') in 0.026039 seconds 
  Import took 0.032418 seconds .

========================================================================
Received Import Request.
  Time since last request: 0.000255 seconds.
  path: Assets/Day-Night Skyboxes/Textures/SkyNight_Left.png
  artifactKey: Guid(1b28b1ed2ef4f114394b2dde7b05f3fe) Importer(815301076,1909f56bfc062723c751e8b465ee728b)
Start importing Assets/Day-Night Skyboxes/Textures/SkyNight_Left.png using Guid(1b28b1ed2ef4f114394b2dde7b05f3fe) Importer(815301076,1909f56bfc062723c751e8b465ee728b)  -> (artifact id: 'ea10550fe8d18133a8f22ee1ad64cbf8') in 0.027199 seconds 
  Import took 0.034088 seconds .

========================================================================
Received Import Request.
  Time since last request: 0.000268 seconds.
  path: Assets/Day-Night Skyboxes/Textures/SkyMidNight_Bottom.png
  artifactKey: Guid(b37a0b3bf146f5748a2ae0b5856eba8f) Importer(815301076,1909f56bfc062723c751e8b465ee728b)
Start importing Assets/Day-Night Skyboxes/Textures/SkyMidNight_Bottom.png using Guid(b37a0b3bf146f5748a2ae0b5856eba8f) Importer(815301076,1909f56bfc062723c751e8b465ee728b)  -> (artifact id: '188c9eb071c1699c37390fe7cc6a4acb') in 0.013602 seconds 
  Import took 0.020546 seconds .

========================================================================
Received Import Request.
  Time since last request: 0.000304 seconds.
  path: Assets/Day-Night Skyboxes/Textures/SkyCloudy_Left.png
  artifactKey: Guid(bcc8c05874f1a2748a8df9f4a201b172) Importer(815301076,1909f56bfc062723c751e8b465ee728b)
Start importing Assets/Day-Night Skyboxes/Textures/SkyCloudy_Left.png using Guid(bcc8c05874f1a2748a8df9f4a201b172) Importer(815301076,1909f56bfc062723c751e8b465ee728b)  -> (artifact id: '4735a63a0c5a7396baec1d6fc8e3d06f') in 0.023700 seconds 
  Import took 0.029955 seconds .

========================================================================
Received Import Request.
  Time since last request: 0.000300 seconds.
  path: Assets/Day-Night Skyboxes/Textures/SkyMorning_Left.png
  artifactKey: Guid(c6df5489072ca7a4fad87ec2825e86da) Importer(815301076,1909f56bfc062723c751e8b465ee728b)
Start importing Assets/Day-Night Skyboxes/Textures/SkyMorning_Left.png using Guid(c6df5489072ca7a4fad87ec2825e86da) Importer(815301076,1909f56bfc062723c751e8b465ee728b)  -> (artifact id: '7a247552182c3c9b763d510075754047') in 0.027324 seconds 
  Import took 0.035080 seconds .

========================================================================
Received Import Request.
  Time since last request: 0.000593 seconds.
  path: Assets/Day-Night Skyboxes/Textures/SkyNoon_Left.png
  artifactKey: Guid(1ded1ac4a932ce548b131efe140dee3d) Importer(815301076,1909f56bfc062723c751e8b465ee728b)
Start importing Assets/Day-Night Skyboxes/Textures/SkyNoon_Left.png using Guid(1ded1ac4a932ce548b131efe140dee3d) Importer(815301076,1909f56bfc062723c751e8b465ee728b)  -> (artifact id: 'db096532aa17c65010d3b0b4e62d18ee') in 0.022384 seconds 
  Import took 0.028436 seconds .

========================================================================
Received Import Request.
  Time since last request: 0.000263 seconds.
  path: Assets/Day-Night Skyboxes/Textures/SkyMorning_Right.png
  artifactKey: Guid(1614bd25d4ad84f40b412f1663830eb9) Importer(815301076,1909f56bfc062723c751e8b465ee728b)
Start importing Assets/Day-Night Skyboxes/Textures/SkyMorning_Right.png using Guid(1614bd25d4ad84f40b412f1663830eb9) Importer(815301076,1909f56bfc062723c751e8b465ee728b)  -> (artifact id: '0d846c2759a557e5e54b546c18973b43') in 0.021340 seconds 
  Import took 0.029740 seconds .

========================================================================
Received Import Request.
  Time since last request: 0.000295 seconds.
  path: Assets/Day-Night Skyboxes/Textures/SkySunSet_Back.png
  artifactKey: Guid(0933480a6df8a864ab3318a638153624) Importer(815301076,1909f56bfc062723c751e8b465ee728b)
Start importing Assets/Day-Night Skyboxes/Textures/SkySunSet_Back.png using Guid(0933480a6df8a864ab3318a638153624) Importer(815301076,1909f56bfc062723c751e8b465ee728b)  -> (artifact id: 'bc06a8072b72f14453a167b4fe1a2ed6') in 0.021913 seconds 
  Import took 0.027986 seconds .

========================================================================
Received Import Request.
  Time since last request: 0.000559 seconds.
  path: Assets/Day-Night Skyboxes/Textures/SkyAfterNoon_Top.png
  artifactKey: Guid(31b24bb50a20c0047b30ee5fc78848b2) Importer(815301076,1909f56bfc062723c751e8b465ee728b)
Start importing Assets/Day-Night Skyboxes/Textures/SkyAfterNoon_Top.png using Guid(31b24bb50a20c0047b30ee5fc78848b2) Importer(815301076,1909f56bfc062723c751e8b465ee728b)  -> (artifact id: 'ba9e9c9fc5a3a800da1d2515fc8613c2') in 0.022860 seconds 
  Import took 0.028277 seconds .

========================================================================
Received Import Request.
  Time since last request: 0.000273 seconds.
  path: Assets/Day-Night Skyboxes/Textures/SkyEarlyDusk_Front.png
  artifactKey: Guid(03d88a9245522804b93d275a99ae6f6a) Importer(815301076,1909f56bfc062723c751e8b465ee728b)
Start importing Assets/Day-Night Skyboxes/Textures/SkyEarlyDusk_Front.png using Guid(03d88a9245522804b93d275a99ae6f6a) Importer(815301076,1909f56bfc062723c751e8b465ee728b)  -> (artifact id: '05e8e8654b45d36a210331eebea04caf') in 0.022963 seconds 
  Import took 0.030639 seconds .

========================================================================
Received Import Request.
  Time since last request: 0.000282 seconds.
  path: Assets/Day-Night Skyboxes/Textures/SkyBrightMorning_Back.png
  artifactKey: Guid(39c4c18da0d298943ab7d4d6a770a6c4) Importer(815301076,1909f56bfc062723c751e8b465ee728b)
Start importing Assets/Day-Night Skyboxes/Textures/SkyBrightMorning_Back.png using Guid(39c4c18da0d298943ab7d4d6a770a6c4) Importer(815301076,1909f56bfc062723c751e8b465ee728b)  -> (artifact id: '5ee90f58f7ed23c5ec2026f8394a01e7') in 0.023984 seconds 
  Import took 0.029677 seconds .

========================================================================
Received Import Request.
  Time since last request: 0.000286 seconds.
  path: Assets/Day-Night Skyboxes/Textures/SkyHole_Back.png
  artifactKey: Guid(33388096eee0690409d74a835a243679) Importer(815301076,1909f56bfc062723c751e8b465ee728b)
Start importing Assets/Day-Night Skyboxes/Textures/SkyHole_Back.png using Guid(33388096eee0690409d74a835a243679) Importer(815301076,1909f56bfc062723c751e8b465ee728b)  -> (artifact id: '24d70c7d16a94afb5238409b4482989c') in 0.025843 seconds 
  Import took 0.033648 seconds .

========================================================================
Received Import Request.
  Time since last request: 0.000355 seconds.
  path: Assets/Day-Night Skyboxes/Textures/SkyEarlyDusk_Top.png
  artifactKey: Guid(9d95a22c05b30774fa8556489f0c5561) Importer(815301076,1909f56bfc062723c751e8b465ee728b)
Start importing Assets/Day-Night Skyboxes/Textures/SkyEarlyDusk_Top.png using Guid(9d95a22c05b30774fa8556489f0c5561) Importer(815301076,1909f56bfc062723c751e8b465ee728b)  -> (artifact id: '35aedbf25ab6171eef88b07ddff8fd3e') in 0.024823 seconds 
  Import took 0.032629 seconds .

========================================================================
Received Import Request.
  Time since last request: 0.000369 seconds.
  path: Assets/Day-Night Skyboxes/Textures/SkyBrightMorning_Front.png
  artifactKey: Guid(57167e32cb5ff7d459d9609721381501) Importer(815301076,1909f56bfc062723c751e8b465ee728b)
Start importing Assets/Day-Night Skyboxes/Textures/SkyBrightMorning_Front.png using Guid(57167e32cb5ff7d459d9609721381501) Importer(815301076,1909f56bfc062723c751e8b465ee728b)  -> (artifact id: '3e182f587cadfd507a906a1124d8c316') in 0.025176 seconds 
  Import took 0.031756 seconds .

========================================================================
Received Import Request.
  Time since last request: 0.000513 seconds.
  path: Assets/Day-Night Skyboxes/Textures/SkyCloudy_Front.png
  artifactKey: Guid(f1dbab6ff4a0d364888f2b32cf7fae59) Importer(815301076,1909f56bfc062723c751e8b465ee728b)
Start importing Assets/Day-Night Skyboxes/Textures/SkyCloudy_Front.png using Guid(f1dbab6ff4a0d364888f2b32cf7fae59) Importer(815301076,1909f56bfc062723c751e8b465ee728b)  -> (artifact id: '5de83e8f4c828712dd12788d370da796') in 0.022759 seconds 
  Import took 0.029585 seconds .

========================================================================
Received Import Request.
  Time since last request: 0.000296 seconds.
  path: Assets/Day-Night Skyboxes/Textures/SkyCloudy_Bottom.png
  artifactKey: Guid(02a96a4cf316be246a590957eaa06cbc) Importer(815301076,1909f56bfc062723c751e8b465ee728b)
Start importing Assets/Day-Night Skyboxes/Textures/SkyCloudy_Bottom.png using Guid(02a96a4cf316be246a590957eaa06cbc) Importer(815301076,1909f56bfc062723c751e8b465ee728b)  -> (artifact id: 'e4cbceafbf58e35d5e50135596513a37') in 0.023845 seconds 
  Import took 0.029682 seconds .

========================================================================
Received Import Request.
  Time since last request: 0.000315 seconds.
  path: Assets/Day-Night Skyboxes/Textures/SkyMorning_Bottom.png
  artifactKey: Guid(ba8c76432fb29c44695a619aea972dc2) Importer(815301076,1909f56bfc062723c751e8b465ee728b)
Start importing Assets/Day-Night Skyboxes/Textures/SkyMorning_Bottom.png using Guid(ba8c76432fb29c44695a619aea972dc2) Importer(815301076,1909f56bfc062723c751e8b465ee728b)  -> (artifact id: '47e34e060b717ea7d460369ff0008740') in 0.021327 seconds 
  Import took 0.028511 seconds .

========================================================================
Received Import Request.
  Time since last request: 0.000456 seconds.
  path: Assets/Day-Night Skyboxes/Textures/SkyHole_Left.png
  artifactKey: Guid(290f12ad67dd9334fae83c3cf6670a73) Importer(815301076,1909f56bfc062723c751e8b465ee728b)
Start importing Assets/Day-Night Skyboxes/Textures/SkyHole_Left.png using Guid(290f12ad67dd9334fae83c3cf6670a73) Importer(815301076,1909f56bfc062723c751e8b465ee728b)  -> (artifact id: 'e3d0593471e0b63dafcbb9878edb4fdf') in 0.030010 seconds 
  Import took 0.036797 seconds .

========================================================================
Received Import Request.
  Time since last request: 0.000226 seconds.
  path: Assets/Day-Night Skyboxes/Textures/SkyMorning_Front.png
  artifactKey: Guid(9a0712f313ac35346b72a4a276b28bb2) Importer(815301076,1909f56bfc062723c751e8b465ee728b)
Start importing Assets/Day-Night Skyboxes/Textures/SkyMorning_Front.png using Guid(9a0712f313ac35346b72a4a276b28bb2) Importer(815301076,1909f56bfc062723c751e8b465ee728b)  -> (artifact id: 'ce8726e6cdb389100aa6545e0b9f7c21') in 0.023657 seconds 
  Import took 0.032426 seconds .

========================================================================
Received Import Request.
  Time since last request: 0.000324 seconds.
  path: Assets/Day-Night Skyboxes/Textures/SkySunSet_Right.png
  artifactKey: Guid(ceb208991d952ac4cb2bb411dd82a5be) Importer(815301076,1909f56bfc062723c751e8b465ee728b)
Start importing Assets/Day-Night Skyboxes/Textures/SkySunSet_Right.png using Guid(ceb208991d952ac4cb2bb411dd82a5be) Importer(815301076,1909f56bfc062723c751e8b465ee728b)  -> (artifact id: '4187304d8482909700b68e69d8dd608c') in 0.022843 seconds 
  Import took 0.030715 seconds .

========================================================================
Received Import Request.
  Time since last request: 0.000238 seconds.
  path: Assets/Day-Night Skyboxes/Textures/SkyEarlyDusk_Left.png
  artifactKey: Guid(8733101b6a14ca740b346255c2d3f21f) Importer(815301076,1909f56bfc062723c751e8b465ee728b)
Start importing Assets/Day-Night Skyboxes/Textures/SkyEarlyDusk_Left.png using Guid(8733101b6a14ca740b346255c2d3f21f) Importer(815301076,1909f56bfc062723c751e8b465ee728b)  -> (artifact id: '5bd57675df954f2cc4d08fbc8fda3962') in 0.026905 seconds 
  Import took 0.034938 seconds .

========================================================================
Received Import Request.
  Time since last request: 0.000287 seconds.
  path: Assets/Day-Night Skyboxes/Textures/SkyMidNight_Left.png
  artifactKey: Guid(b712a49fc11d9fd4dbf18d71b3f53e31) Importer(815301076,1909f56bfc062723c751e8b465ee728b)
Start importing Assets/Day-Night Skyboxes/Textures/SkyMidNight_Left.png using Guid(b712a49fc11d9fd4dbf18d71b3f53e31) Importer(815301076,1909f56bfc062723c751e8b465ee728b)  -> (artifact id: 'd9f7ceaab4f0d4fa52fdf2d820135bec') in 0.019353 seconds 
  Import took 0.027910 seconds .

========================================================================
Received Import Request.
  Time since last request: 0.000309 seconds.
  path: Assets/Day-Night Skyboxes/Textures/SkyHole_Front.png
  artifactKey: Guid(519bff0f165c6b541a8d626121260e3a) Importer(815301076,1909f56bfc062723c751e8b465ee728b)
Start importing Assets/Day-Night Skyboxes/Textures/SkyHole_Front.png using Guid(519bff0f165c6b541a8d626121260e3a) Importer(815301076,1909f56bfc062723c751e8b465ee728b)  -> (artifact id: '988a7fa7c0944eceb37293fd9ddc72b4') in 0.030054 seconds 
  Import took 0.038693 seconds .

========================================================================
Received Import Request.
  Time since last request: 0.000289 seconds.
  path: Assets/Day-Night Skyboxes/Textures/SkySunSet_Front.png
  artifactKey: Guid(33db3c0239cfad94780b85a1ad3f4e36) Importer(815301076,1909f56bfc062723c751e8b465ee728b)
Start importing Assets/Day-Night Skyboxes/Textures/SkySunSet_Front.png using Guid(33db3c0239cfad94780b85a1ad3f4e36) Importer(815301076,1909f56bfc062723c751e8b465ee728b)  -> (artifact id: 'c7720ed2e7bd74da246a0ce4661987c2') in 0.021097 seconds 
  Import took 0.027313 seconds .

========================================================================
Received Import Request.
  Time since last request: 0.000316 seconds.
  path: Assets/Day-Night Skyboxes/Textures/SkyNoon_Right.png
  artifactKey: Guid(4f6bec75bfe65ad49a0826debe902b30) Importer(815301076,1909f56bfc062723c751e8b465ee728b)
Start importing Assets/Day-Night Skyboxes/Textures/SkyNoon_Right.png using Guid(4f6bec75bfe65ad49a0826debe902b30) Importer(815301076,1909f56bfc062723c751e8b465ee728b)  -> (artifact id: 'ee0fe4f1160f4f7b3000824d845ea4c9') in 0.025326 seconds 
  Import took 0.032875 seconds .

========================================================================
Received Import Request.
  Time since last request: 0.000396 seconds.
  path: Assets/Day-Night Skyboxes/Textures/SkyNight_Top.png
  artifactKey: Guid(c7b66e97c44826544a44bd8d9857c7ec) Importer(815301076,1909f56bfc062723c751e8b465ee728b)
Start importing Assets/Day-Night Skyboxes/Textures/SkyNight_Top.png using Guid(c7b66e97c44826544a44bd8d9857c7ec) Importer(815301076,1909f56bfc062723c751e8b465ee728b)  -> (artifact id: 'cdf2cf7ff053c5b386972d5dddddb97d') in 0.023495 seconds 
  Import took 0.030616 seconds .

========================================================================
Received Import Request.
  Time since last request: 0.000243 seconds.
  path: Assets/Day-Night Skyboxes/Textures/SkyNoon_Front.png
  artifactKey: Guid(db891bbb0f035a340a64f1550499d24b) Importer(815301076,1909f56bfc062723c751e8b465ee728b)
Start importing Assets/Day-Night Skyboxes/Textures/SkyNoon_Front.png using Guid(db891bbb0f035a340a64f1550499d24b) Importer(815301076,1909f56bfc062723c751e8b465ee728b)  -> (artifact id: 'd16fe9904a9900661f4d917958420dca') in 0.023503 seconds 
  Import took 0.031748 seconds .

========================================================================
Received Import Request.
  Time since last request: 0.000364 seconds.
  path: Assets/Day-Night Skyboxes/Textures/SkyMidNight_Top.png
  artifactKey: Guid(e211c2ca9055575428e0614590e7e651) Importer(815301076,1909f56bfc062723c751e8b465ee728b)
Start importing Assets/Day-Night Skyboxes/Textures/SkyMidNight_Top.png using Guid(e211c2ca9055575428e0614590e7e651) Importer(815301076,1909f56bfc062723c751e8b465ee728b)  -> (artifact id: '20c1dd25d760d9421d6ec0f02f0b82c8') in 0.015570 seconds 
  Import took 0.023180 seconds .

========================================================================
Received Import Request.
  Time since last request: 0.000390 seconds.
  path: Assets/Day-Night Skyboxes/Textures/SkyAfterNoon_Front.png
  artifactKey: Guid(801a87c5db92ace45a6a9346777f1f5f) Importer(815301076,1909f56bfc062723c751e8b465ee728b)
Start importing Assets/Day-Night Skyboxes/Textures/SkyAfterNoon_Front.png using Guid(801a87c5db92ace45a6a9346777f1f5f) Importer(815301076,1909f56bfc062723c751e8b465ee728b)  -> (artifact id: '10eb0d8b8be43ffe790003b0186b6fb2') in 0.023513 seconds 
  Import took 0.031460 seconds .

========================================================================
Received Import Request.
  Time since last request: 0.000243 seconds.
  path: Assets/Day-Night Skyboxes/Textures/SkyBrightMorning_Right.png
  artifactKey: Guid(62f6306d636d810479805f34fa875e27) Importer(815301076,1909f56bfc062723c751e8b465ee728b)
Start importing Assets/Day-Night Skyboxes/Textures/SkyBrightMorning_Right.png using Guid(62f6306d636d810479805f34fa875e27) Importer(815301076,1909f56bfc062723c751e8b465ee728b)  -> (artifact id: '85672026a982f4d818b62393734be291') in 0.024471 seconds 
  Import took 0.031458 seconds .

========================================================================
Received Import Request.
  Time since last request: 0.000289 seconds.
  path: Assets/Day-Night Skyboxes/Textures/SkyBrightMorning_Top.png
  artifactKey: Guid(6942c5222258a7d4ca5f071156794a1f) Importer(815301076,1909f56bfc062723c751e8b465ee728b)
Start importing Assets/Day-Night Skyboxes/Textures/SkyBrightMorning_Top.png using Guid(6942c5222258a7d4ca5f071156794a1f) Importer(815301076,1909f56bfc062723c751e8b465ee728b)  -> (artifact id: '318f5c17731041fefd06daa42242c083') in 0.023180 seconds 
  Import took 0.030382 seconds .

========================================================================
Received Import Request.
  Time since last request: 0.000276 seconds.
  path: Assets/Day-Night Skyboxes/Textures/SkyCloudy_Back.png
  artifactKey: Guid(fc3b33a42f371924590f4be9850f78ae) Importer(815301076,1909f56bfc062723c751e8b465ee728b)
Start importing Assets/Day-Night Skyboxes/Textures/SkyCloudy_Back.png using Guid(fc3b33a42f371924590f4be9850f78ae) Importer(815301076,1909f56bfc062723c751e8b465ee728b)  -> (artifact id: '37e8c2f5842c721f9cb021ee3fefc475') in 0.027953 seconds 
  Import took 0.036987 seconds .

========================================================================
Received Import Request.
  Time since last request: 0.000273 seconds.
  path: Assets/Day-Night Skyboxes/Textures/SkyAfterNoon_Bottom.png
  artifactKey: Guid(b6ef619cfefbc3a48bfe3a846f9adb9a) Importer(815301076,1909f56bfc062723c751e8b465ee728b)
Start importing Assets/Day-Night Skyboxes/Textures/SkyAfterNoon_Bottom.png using Guid(b6ef619cfefbc3a48bfe3a846f9adb9a) Importer(815301076,1909f56bfc062723c751e8b465ee728b)  -> (artifact id: '4e382a8774ecd3a9a1f06f9c0c291f18') in 0.023710 seconds 
  Import took 0.031883 seconds .

========================================================================
Received Import Request.
  Time since last request: 0.000373 seconds.
  path: Assets/Day-Night Skyboxes/Textures/SkyMidNight_Front.png
  artifactKey: Guid(f29a90fb9c5a19045b7f1897b30c5777) Importer(815301076,1909f56bfc062723c751e8b465ee728b)
Start importing Assets/Day-Night Skyboxes/Textures/SkyMidNight_Front.png using Guid(f29a90fb9c5a19045b7f1897b30c5777) Importer(815301076,1909f56bfc062723c751e8b465ee728b)  -> (artifact id: '1ce1a9cfb49da5efadc959bf72565e1c') in 0.015958 seconds 
  Import took 0.022961 seconds .

========================================================================
Received Import Request.
  Time since last request: 0.000237 seconds.
  path: Assets/Day-Night Skyboxes/Textures/SkyNoon_Bottom.png
  artifactKey: Guid(ca936d5ad9282044293249963704b9ce) Importer(815301076,1909f56bfc062723c751e8b465ee728b)
Start importing Assets/Day-Night Skyboxes/Textures/SkyNoon_Bottom.png using Guid(ca936d5ad9282044293249963704b9ce) Importer(815301076,1909f56bfc062723c751e8b465ee728b)  -> (artifact id: '114ca86ece621e1d481b7b91d5457829') in 0.025300 seconds 
  Import took 0.032605 seconds .

========================================================================
Received Import Request.
  Time since last request: 0.000303 seconds.
  path: Assets/Day-Night Skyboxes/Textures/SkySunSet_Bottom.png
  artifactKey: Guid(d34a7e42f26d51041ade65d0b0e898bf) Importer(815301076,1909f56bfc062723c751e8b465ee728b)
Start importing Assets/Day-Night Skyboxes/Textures/SkySunSet_Bottom.png using Guid(d34a7e42f26d51041ade65d0b0e898bf) Importer(815301076,1909f56bfc062723c751e8b465ee728b)  -> (artifact id: '68781184b7db0fcd5c4c8e1577797462') in 0.023992 seconds 
  Import took 0.034137 seconds .

========================================================================
Received Import Request.
  Time since last request: 0.000528 seconds.
  path: Assets/Day-Night Skyboxes/Textures/SkyCloudy_Top.png
  artifactKey: Guid(e71cba7ef433f8c418d4dcde1e79fb98) Importer(815301076,1909f56bfc062723c751e8b465ee728b)
Start importing Assets/Day-Night Skyboxes/Textures/SkyCloudy_Top.png using Guid(e71cba7ef433f8c418d4dcde1e79fb98) Importer(815301076,1909f56bfc062723c751e8b465ee728b)  -> (artifact id: '7b1515e6d13f1335543c100648b137c8') in 0.027538 seconds 
  Import took 0.034443 seconds .

========================================================================
Received Import Request.
  Time since last request: 0.000349 seconds.
  path: Assets/Day-Night Skyboxes/Textures/SkyEarlyDusk_Back.png
  artifactKey: Guid(675b7eb08655ed44d87fc86d2d5cb154) Importer(815301076,1909f56bfc062723c751e8b465ee728b)
Start importing Assets/Day-Night Skyboxes/Textures/SkyEarlyDusk_Back.png using Guid(675b7eb08655ed44d87fc86d2d5cb154) Importer(815301076,1909f56bfc062723c751e8b465ee728b)  -> (artifact id: '2f18047adb6730d6e9163816622a481a') in 0.023182 seconds 
  Import took 0.029803 seconds .

========================================================================
Received Import Request.
  Time since last request: 0.000434 seconds.
  path: Assets/Day-Night Skyboxes/Textures/SkyHole_Bottom.png
  artifactKey: Guid(209d171ae2172044ba0c2520127c8120) Importer(815301076,1909f56bfc062723c751e8b465ee728b)
Start importing Assets/Day-Night Skyboxes/Textures/SkyHole_Bottom.png using Guid(209d171ae2172044ba0c2520127c8120) Importer(815301076,1909f56bfc062723c751e8b465ee728b)  -> (artifact id: '231a492394ad9a746c683eb8bd92a5f9') in 0.021773 seconds 
  Import took 0.028821 seconds .

========================================================================
Received Import Request.
  Time since last request: 0.000401 seconds.
  path: Assets/Day-Night Skyboxes/Textures/SkyEarlyDusk_Bottom.png
  artifactKey: Guid(3b39cd44ada2c7e4582ffc0d367906f6) Importer(815301076,1909f56bfc062723c751e8b465ee728b)
Start importing Assets/Day-Night Skyboxes/Textures/SkyEarlyDusk_Bottom.png using Guid(3b39cd44ada2c7e4582ffc0d367906f6) Importer(815301076,1909f56bfc062723c751e8b465ee728b)  -> (artifact id: '109e3d8b1f2ccbedb4b9f99442b77b8a') in 0.020591 seconds 
  Import took 0.026710 seconds .

========================================================================
Received Import Request.
  Time since last request: 0.000316 seconds.
  path: Assets/Day-Night Skyboxes/Textures/SkyHole_Right.png
  artifactKey: Guid(34fb02e33563a2e46a8dc30b1db95a63) Importer(815301076,1909f56bfc062723c751e8b465ee728b)
Start importing Assets/Day-Night Skyboxes/Textures/SkyHole_Right.png using Guid(34fb02e33563a2e46a8dc30b1db95a63) Importer(815301076,1909f56bfc062723c751e8b465ee728b)  -> (artifact id: '6419fc5d713ac548f86922ea8320ebe5') in 0.024675 seconds 
  Import took 0.031327 seconds .

========================================================================
Received Import Request.
  Time since last request: 0.000277 seconds.
  path: Assets/Day-Night Skyboxes/Textures/SkyHole_Top.png
  artifactKey: Guid(962d039a3950b124099ac6d3aedff947) Importer(815301076,1909f56bfc062723c751e8b465ee728b)
Start importing Assets/Day-Night Skyboxes/Textures/SkyHole_Top.png using Guid(962d039a3950b124099ac6d3aedff947) Importer(815301076,1909f56bfc062723c751e8b465ee728b)  -> (artifact id: '6571edbbec940849a0f39b81c4f59cff') in 0.028023 seconds 
  Import took 0.034424 seconds .

========================================================================
Received Import Request.
  Time since last request: 0.000275 seconds.
  path: Assets/Day-Night Skyboxes/Textures/SkyMorning_Back.png
  artifactKey: Guid(fcc2b2ac825c29e40a96b9fe97d58996) Importer(815301076,1909f56bfc062723c751e8b465ee728b)
Start importing Assets/Day-Night Skyboxes/Textures/SkyMorning_Back.png using Guid(fcc2b2ac825c29e40a96b9fe97d58996) Importer(815301076,1909f56bfc062723c751e8b465ee728b)  -> (artifact id: '9c924379c2ba916273ed0766b9c2e158') in 0.022147 seconds 
  Import took 0.029280 seconds .

========================================================================
Received Import Request.
  Time since last request: 0.000379 seconds.
  path: Assets/Day-Night Skyboxes/Textures/SkyAfterNoon_Left.png
  artifactKey: Guid(969ef861056a05940ba9123d15486191) Importer(815301076,1909f56bfc062723c751e8b465ee728b)
Start importing Assets/Day-Night Skyboxes/Textures/SkyAfterNoon_Left.png using Guid(969ef861056a05940ba9123d15486191) Importer(815301076,1909f56bfc062723c751e8b465ee728b)  -> (artifact id: '5e9d78a7d42541447db566fe16228c87') in 0.020474 seconds 
  Import took 0.026366 seconds .

========================================================================
Received Import Request.
  Time since last request: 0.000309 seconds.
  path: Assets/Day-Night Skyboxes/Textures/SkyMidNight_Right.png
  artifactKey: Guid(8ccea35bb4bd8a9479b160117e0761f3) Importer(815301076,1909f56bfc062723c751e8b465ee728b)
Start importing Assets/Day-Night Skyboxes/Textures/SkyMidNight_Right.png using Guid(8ccea35bb4bd8a9479b160117e0761f3) Importer(815301076,1909f56bfc062723c751e8b465ee728b)  -> (artifact id: '3028d5d30db2913f5e3e028d718851bc') in 0.017140 seconds 
  Import took 0.025128 seconds .

========================================================================
Received Import Request.
  Time since last request: 0.000307 seconds.
  path: Assets/Day-Night Skyboxes/Textures/SkyNoon_Back.png
  artifactKey: Guid(988a47c87043b1f4597329d87c8c5f9e) Importer(815301076,1909f56bfc062723c751e8b465ee728b)
Start importing Assets/Day-Night Skyboxes/Textures/SkyNoon_Back.png using Guid(988a47c87043b1f4597329d87c8c5f9e) Importer(815301076,1909f56bfc062723c751e8b465ee728b)  -> (artifact id: 'db4fb4b09562296dc0308403882a7e08') in 0.022730 seconds 
  Import took 0.029109 seconds .

========================================================================
Received Import Request.
  Time since last request: 0.000354 seconds.
  path: Assets/Day-Night Skyboxes/Textures/SkyBrightMorning_Left.png
  artifactKey: Guid(7c7a8084134bd4a4bb75893e64cdd050) Importer(815301076,1909f56bfc062723c751e8b465ee728b)
Start importing Assets/Day-Night Skyboxes/Textures/SkyBrightMorning_Left.png using Guid(7c7a8084134bd4a4bb75893e64cdd050) Importer(815301076,1909f56bfc062723c751e8b465ee728b)  -> (artifact id: 'f3fa05ae364558bfa8eb8940244290b6') in 0.021051 seconds 
  Import took 0.028067 seconds .

========================================================================
Received Import Request.
  Time since last request: 0.000450 seconds.
  path: Assets/Day-Night Skyboxes/Textures/SkyNight_Bottom.png
  artifactKey: Guid(6b08df31452aace4481829fe706777c7) Importer(815301076,1909f56bfc062723c751e8b465ee728b)
Start importing Assets/Day-Night Skyboxes/Textures/SkyNight_Bottom.png using Guid(6b08df31452aace4481829fe706777c7) Importer(815301076,1909f56bfc062723c751e8b465ee728b)  -> (artifact id: 'acc44d3dde1cb633656233b8beb28008') in 0.023023 seconds 
  Import took 0.031865 seconds .

========================================================================
Received Import Request.
  Time since last request: 0.000310 seconds.
  path: Assets/Day-Night Skyboxes/Textures/SkyNoon_Top.png
  artifactKey: Guid(d8abefee4b4a16546abf8b0a732a7e40) Importer(815301076,1909f56bfc062723c751e8b465ee728b)
Start importing Assets/Day-Night Skyboxes/Textures/SkyNoon_Top.png using Guid(d8abefee4b4a16546abf8b0a732a7e40) Importer(815301076,1909f56bfc062723c751e8b465ee728b)  -> (artifact id: '6441460ea6fe0e80e65a95a7cddb59f0') in 0.025133 seconds 
  Import took 0.034487 seconds .

========================================================================
Received Import Request.
  Time since last request: 0.000344 seconds.
  path: Assets/Day-Night Skyboxes/Textures/SkyEarlyDusk_Right.png
  artifactKey: Guid(a8bbea5efbf70dc45a0dd6325430062f) Importer(815301076,1909f56bfc062723c751e8b465ee728b)
Start importing Assets/Day-Night Skyboxes/Textures/SkyEarlyDusk_Right.png using Guid(a8bbea5efbf70dc45a0dd6325430062f) Importer(815301076,1909f56bfc062723c751e8b465ee728b)  -> (artifact id: '553919001882cf7c9a59d30081f7d62a') in 0.022155 seconds 
  Import took 0.031608 seconds .

========================================================================
Received Import Request.
  Time since last request: 0.000258 seconds.
  path: Assets/Day-Night Skyboxes/Textures/SkyMorning_Top.png
  artifactKey: Guid(9ad0e713be508944f996dfc70214fdb4) Importer(815301076,1909f56bfc062723c751e8b465ee728b)
Start importing Assets/Day-Night Skyboxes/Textures/SkyMorning_Top.png using Guid(9ad0e713be508944f996dfc70214fdb4) Importer(815301076,1909f56bfc062723c751e8b465ee728b)  -> (artifact id: '09880a7edf2c8a9b8cfd63c2b7bddf72') in 0.024372 seconds 
  Import took 0.033837 seconds .

========================================================================
Received Import Request.
  Time since last request: 0.000329 seconds.
  path: Assets/Day-Night Skyboxes/Textures/SkyNight_Right.png
  artifactKey: Guid(c089d8f141d8cf8418c285d4cee57341) Importer(815301076,1909f56bfc062723c751e8b465ee728b)
Start importing Assets/Day-Night Skyboxes/Textures/SkyNight_Right.png using Guid(c089d8f141d8cf8418c285d4cee57341) Importer(815301076,1909f56bfc062723c751e8b465ee728b)  -> (artifact id: '741c2887ff16bb1c13c36c18c9647e8d') in 0.021573 seconds 
  Import took 0.027354 seconds .

========================================================================
Received Import Request.
  Time since last request: 0.000353 seconds.
  path: Assets/Day-Night Skyboxes/Textures/SkySunSet_Left.png
  artifactKey: Guid(bfe69a7b1dad37946850215be95a6d79) Importer(815301076,1909f56bfc062723c751e8b465ee728b)
Start importing Assets/Day-Night Skyboxes/Textures/SkySunSet_Left.png using Guid(bfe69a7b1dad37946850215be95a6d79) Importer(815301076,1909f56bfc062723c751e8b465ee728b)  -> (artifact id: '18a256008f80a654f094f39bf889f715') in 0.023718 seconds 
  Import took 0.031038 seconds .

========================================================================
Received Import Request.
  Time since last request: 0.000328 seconds.
  path: Assets/Day-Night Skyboxes/Textures/SkyCloudy_Right.png
  artifactKey: Guid(d5618a43493f3e144a6ad0c0d17d335e) Importer(815301076,1909f56bfc062723c751e8b465ee728b)
Start importing Assets/Day-Night Skyboxes/Textures/SkyCloudy_Right.png using Guid(d5618a43493f3e144a6ad0c0d17d335e) Importer(815301076,1909f56bfc062723c751e8b465ee728b)  -> (artifact id: '2f1932f064cbe32a1819e681f7718394') in 0.023093 seconds 
  Import took 0.030215 seconds .

========================================================================
Received Import Request.
  Time since last request: 32.418775 seconds.
  path: Assets/Textures/Water.jpg
  artifactKey: Guid(25852f9719b51904696e2331e0a994ac) Importer(815301076,1909f56bfc062723c751e8b465ee728b)
Start importing Assets/Textures/Water.jpg using Guid(25852f9719b51904696e2331e0a994ac) Importer(815301076,1909f56bfc062723c751e8b465ee728b)  -> (artifact id: 'f97ad7321ab35d45fc4a593bc1bb4f57') in 0.020121 seconds 
  Import took 0.028546 seconds .

========================================================================
Received Prepare
Registering precompiled user dll's ...
Registered in 0.004445 seconds.
Begin MonoManager ReloadAssembly
Native extension for WindowsStandalone target not found
Native extension for WebGL target not found
Refreshing native plugins compatible for Editor in 0.87 ms, found 2 plugins.
Preloading 0 native plugins for Editor in 0.00 ms.
Mono: successfully reloaded assembly
- Completed reload, in  1.443 seconds
Platform modules already initialized, skipping
Refreshing native plugins compatible for Editor in 0.79 ms, found 2 plugins.
Preloading 0 native plugins for Editor in 0.00 ms.
Unloading 2839 Unused Serialized files (Serialized files now loaded: 0)
System memory in use before: 121.6 MB.
System memory in use after: 121.8 MB.

Unloading 16 unused Assets to reduce memory usage. Loaded Objects now: 3315.
Total: 3.093500 ms (FindLiveObjects: 0.279600 ms CreateObjectMapping: 0.137600 ms MarkObjects: 2.581800 ms  DeleteObjects: 0.092900 ms)

AssetImportParameters requested are different than current active one (requested -> active):
  custom:framework-win-MediaFoundation: 216162199b28c13a410421893ffa2e32 -> 
  custom:video-decoder-ogg-theora: a1e56fd34408186e4bbccfd4996cb3dc -> 
  custom:container-muxer-webm: aa71ff27fc2769a1b78a27578f13a17b -> 
  custom:container-demuxer-webm: 4f35f7cbe854078d1ac9338744f61a02 -> 
  custom:container-demuxer-ogg: 62fdf1f143b41e24485cea50d1cbac27 -> 
  custom:video-encoder-webm-vp8: eb34c28f22e8b96e1ab97ce403110664 -> 
  custom:video-decoder-webm-vp8: 9c59270c3fd7afecdb556c50c9e8de78 -> 
  custom:audio-decoder-ogg-vorbis: bf7c407c2cedff20999df2af8eb42d56 -> 
  custom:audio-encoder-webm-vorbis: bf7c407c2cedff20999df2af8eb42d56 -> 
========================================================================
Received Import Request.
  Time since last request: 1331.075995 seconds.
  path: Assets/Tree_Textures/diffuse.png
  artifactKey: Guid(a33a4eef5d381e640b514388295573fa) Importer(815301076,1909f56bfc062723c751e8b465ee728b)
Start importing Assets/Tree_Textures/diffuse.png using Guid(a33a4eef5d381e640b514388295573fa) Importer(815301076,1909f56bfc062723c751e8b465ee728b)  -> (artifact id: '61e3aacf3a5241f512db434763f5d55a') in 0.048252 seconds 
  Import took 0.054205 seconds .

========================================================================
Received Import Request.
  Time since last request: 0.000320 seconds.
  path: Assets/Tree_Textures/normal_specular.png
  artifactKey: Guid(b5e12fe1d1ee15b46bd330a6ace9cccd) Importer(815301076,1909f56bfc062723c751e8b465ee728b)
Start importing Assets/Tree_Textures/normal_specular.png using Guid(b5e12fe1d1ee15b46bd330a6ace9cccd) Importer(815301076,1909f56bfc062723c751e8b465ee728b)  -> (artifact id: 'ce1c7431c0ffa0dfdb9edb3ace1a0bf7') in 0.013916 seconds 
  Import took 0.019590 seconds .

========================================================================
Received Import Request.
  Time since last request: 0.000399 seconds.
  path: Assets/Tree_Textures/translucency_gloss.png
  artifactKey: Guid(b37cdd2116632914ab3261497c23fd0d) Importer(815301076,1909f56bfc062723c751e8b465ee728b)
Start importing Assets/Tree_Textures/translucency_gloss.png using Guid(b37cdd2116632914ab3261497c23fd0d) Importer(815301076,1909f56bfc062723c751e8b465ee728b)  -> (artifact id: 'f857d05b4c062357bf65b7db032a930c') in 0.015758 seconds 
  Import took 0.022362 seconds .

========================================================================
Received Import Request.
  Time since last request: 0.000307 seconds.
  path: Assets/Tree_Textures/shadow.png
  artifactKey: Guid(634ce873d9d1ec94db5449c66426dcab) Importer(815301076,1909f56bfc062723c751e8b465ee728b)
Start importing Assets/Tree_Textures/shadow.png using Guid(634ce873d9d1ec94db5449c66426dcab) Importer(815301076,1909f56bfc062723c751e8b465ee728b)  -> (artifact id: 'c50220c1eb52c53dab25645630516ecd') in 0.015462 seconds 
  Import took 0.021453 seconds .

========================================================================
Received Import Request.
  Time since last request: 25.889212 seconds.
  path: Assets/Models/Free Low Poly Gold/Crate-00.fbx
  artifactKey: Guid(9a02aa13a2c84f54581b3c9dd6ff8a24) Importer(815301076,1909f56bfc062723c751e8b465ee728b)
Start importing Assets/Models/Free Low Poly Gold/Crate-00.fbx using Guid(9a02aa13a2c84f54581b3c9dd6ff8a24) Importer(815301076,1909f56bfc062723c751e8b465ee728b)  -> (artifact id: '43095b8c7456edab9bc95d72139594a2') in 0.143806 seconds 
  Import took 0.150428 seconds .

========================================================================
Received Import Request.
  Time since last request: 0.000255 seconds.
  path: Assets/Models/Free Low Poly Gold/Gold-02.fbx
  artifactKey: Guid(a8d53aa47d6018043ac86f7dc7e4615e) Importer(815301076,1909f56bfc062723c751e8b465ee728b)
Start importing Assets/Models/Free Low Poly Gold/Gold-02.fbx using Guid(a8d53aa47d6018043ac86f7dc7e4615e) Importer(815301076,1909f56bfc062723c751e8b465ee728b)  -> (artifact id: '424e043259868749ef852b34cd0d260a') in 0.035355 seconds 
  Import took 0.043958 seconds .

========================================================================
Received Import Request.
  Time since last request: 0.000426 seconds.
  path: Assets/Models/Free Low Poly Gold/Crate-03.fbx
  artifactKey: Guid(f674e501437443545aff9dac6753fc8a) Importer(815301076,1909f56bfc062723c751e8b465ee728b)
Start importing Assets/Models/Free Low Poly Gold/Crate-03.fbx using Guid(f674e501437443545aff9dac6753fc8a) Importer(815301076,1909f56bfc062723c751e8b465ee728b)  -> (artifact id: '1eb84257809c4c8357e91c160fbe1406') in 0.038021 seconds 
  Import took 0.045151 seconds .

========================================================================
Received Import Request.
  Time since last request: 0.000357 seconds.
  path: Assets/Models/Free Low Poly Gold/Crate-01.fbx
  artifactKey: Guid(acc1c5b64d414d44ba9ade75060200da) Importer(815301076,1909f56bfc062723c751e8b465ee728b)
Start importing Assets/Models/Free Low Poly Gold/Crate-01.fbx using Guid(acc1c5b64d414d44ba9ade75060200da) Importer(815301076,1909f56bfc062723c751e8b465ee728b)  -> (artifact id: 'd261d7c5e1cf95dab58aded3169611fb') in 0.035218 seconds 
  Import took 0.041218 seconds .

========================================================================
Received Import Request.
  Time since last request: 0.000242 seconds.
  path: Assets/Models/Free Low Poly Gold/Crate-04.fbx
  artifactKey: Guid(97e741b85e631f94c95718e2910a6b72) Importer(815301076,1909f56bfc062723c751e8b465ee728b)
Start importing Assets/Models/Free Low Poly Gold/Crate-04.fbx using Guid(97e741b85e631f94c95718e2910a6b72) Importer(815301076,1909f56bfc062723c751e8b465ee728b)  -> (artifact id: 'aa1a20c4dbb5526557e5a45438fe7b0f') in 0.035973 seconds 
  Import took 0.041715 seconds .

========================================================================
Received Import Request.
  Time since last request: 0.000298 seconds.
  path: Assets/Models/Free Low Poly Gold/Crate-05.fbx
  artifactKey: Guid(a163dc3951f432b43b59ed6d310b1db3) Importer(815301076,1909f56bfc062723c751e8b465ee728b)
Start importing Assets/Models/Free Low Poly Gold/Crate-05.fbx using Guid(a163dc3951f432b43b59ed6d310b1db3) Importer(815301076,1909f56bfc062723c751e8b465ee728b)  -> (artifact id: 'edab9ce3c4dcb35f338561d1043308b4') in 0.032651 seconds 
  Import took 0.040331 seconds .

========================================================================
Received Import Request.
  Time since last request: 0.000301 seconds.
  path: Assets/Models/Free Low Poly Gold/Gold-01.fbx
  artifactKey: Guid(3af962365563a5949a9cfca299926879) Importer(815301076,1909f56bfc062723c751e8b465ee728b)
Start importing Assets/Models/Free Low Poly Gold/Gold-01.fbx using Guid(3af962365563a5949a9cfca299926879) Importer(815301076,1909f56bfc062723c751e8b465ee728b)  -> (artifact id: 'dcd407d30190ecd3b23bfea13d53d536') in 0.030340 seconds 
  Import took 0.037363 seconds .

========================================================================
Received Import Request.
  Time since last request: 0.000294 seconds.
  path: Assets/Models/Free Low Poly Gold/Crate-02.fbx
  artifactKey: Guid(1c56b3e01a19c8d46add5c97e2506c8f) Importer(815301076,1909f56bfc062723c751e8b465ee728b)
Start importing Assets/Models/Free Low Poly Gold/Crate-02.fbx using Guid(1c56b3e01a19c8d46add5c97e2506c8f) Importer(815301076,1909f56bfc062723c751e8b465ee728b)  -> (artifact id: 'bc74d0fd04abfb67f6cae00ccc0193c3') in 0.034301 seconds 
  Import took 0.040604 seconds .

========================================================================
Received Import Request.
  Time since last request: 0.006596 seconds.
  path: Assets/Models/Free Low Poly Gold/Crate-02.fbx
  artifactKey: Guid(1c56b3e01a19c8d46add5c97e2506c8f) Importer(815301076,1909f56bfc062723c751e8b465ee728b)
Start importing Assets/Models/Free Low Poly Gold/Crate-02.fbx using Guid(1c56b3e01a19c8d46add5c97e2506c8f) Importer(815301076,1909f56bfc062723c751e8b465ee728b)  -> (artifact id: 'bc74d0fd04abfb67f6cae00ccc0193c3') in 0.037813 seconds 
  Import took 0.046082 seconds .

========================================================================
Received Import Request.
  Time since last request: 21.645626 seconds.
  path: Assets/Models/Free Low Poly Gold/Gold-03.fbx
  artifactKey: Guid(f4822cb84cccd8c4ea52fe73f8045bea) Importer(815301076,1909f56bfc062723c751e8b465ee728b)
Start importing Assets/Models/Free Low Poly Gold/Gold-03.fbx using Guid(f4822cb84cccd8c4ea52fe73f8045bea) Importer(815301076,1909f56bfc062723c751e8b465ee728b)  -> (artifact id: '400f6336fa2d70ba866dcf174afa01ba') in 0.029699 seconds 
  Import took 0.035954 seconds .

========================================================================
Received Import Request.
  Time since last request: 0.000373 seconds.
  path: Assets/Models/Free Low Poly Gold/Gold-04.fbx
  artifactKey: Guid(120a970b15d7503468375c7fad29b430) Importer(815301076,1909f56bfc062723c751e8b465ee728b)
Start importing Assets/Models/Free Low Poly Gold/Gold-04.fbx using Guid(120a970b15d7503468375c7fad29b430) Importer(815301076,1909f56bfc062723c751e8b465ee728b)  -> (artifact id: 'cebde62c07541bdf9ad833fc475594e1') in 0.041453 seconds 
  Import took 0.047066 seconds .

========================================================================
Received Import Request.
  Time since last request: 2.565288 seconds.
  path: Assets/Models/Free Low Poly Gold/Gold-05.fbx
  artifactKey: Guid(869a45f84e013bf4999904003d6db8f6) Importer(815301076,1909f56bfc062723c751e8b465ee728b)
Start importing Assets/Models/Free Low Poly Gold/Gold-05.fbx using Guid(869a45f84e013bf4999904003d6db8f6) Importer(815301076,1909f56bfc062723c751e8b465ee728b)  -> (artifact id: '03e2cf94f4e80c5997854ba33f9c3b32') in 0.029048 seconds 
  Import took 0.036145 seconds .

========================================================================
Received Import Request.
  Time since last request: 0.000280 seconds.
  path: Assets/Models/Free Low Poly Gold/Gold-06.fbx
  artifactKey: Guid(9f88b437799483441a34e04c315d06d1) Importer(815301076,1909f56bfc062723c751e8b465ee728b)
Start importing Assets/Models/Free Low Poly Gold/Gold-06.fbx using Guid(9f88b437799483441a34e04c315d06d1) Importer(815301076,1909f56bfc062723c751e8b465ee728b)  -> (artifact id: '37564613d8b25be56f7cf2c59436e04a') in 0.042299 seconds 
  Import took 0.048780 seconds .

========================================================================
Received Import Request.
  Time since last request: 0.044907 seconds.
  path: Assets/Models/Free Low Poly Gold/Gold-07.fbx
  artifactKey: Guid(dc87bc084129a474d927a840f136865f) Importer(815301076,1909f56bfc062723c751e8b465ee728b)
Start importing Assets/Models/Free Low Poly Gold/Gold-07.fbx using Guid(dc87bc084129a474d927a840f136865f) Importer(815301076,1909f56bfc062723c751e8b465ee728b)  -> (artifact id: 'a427aee94629cb0316d95cd43807da6d') in 0.034153 seconds 
  Import took 0.040301 seconds .

========================================================================
Received Import Request.
  Time since last request: 0.000356 seconds.
  path: Assets/Models/Free Low Poly Gold/Gold-08.fbx
  artifactKey: Guid(2db321fc477a5dd40bfd2c5b721a4eaf) Importer(815301076,1909f56bfc062723c751e8b465ee728b)
Start importing Assets/Models/Free Low Poly Gold/Gold-08.fbx using Guid(2db321fc477a5dd40bfd2c5b721a4eaf) Importer(815301076,1909f56bfc062723c751e8b465ee728b)  -> (artifact id: 'cd38ae85554b571ec28fc0c225e2a8ba') in 0.042018 seconds 
  Import took 0.047323 seconds .

========================================================================
Received Import Request.
  Time since last request: 3.054468 seconds.
  path: Assets/Models/Free Low Poly Gold/Gold-09.fbx
  artifactKey: Guid(4f5c9c40e16ed2742990510cc7dc5f13) Importer(815301076,1909f56bfc062723c751e8b465ee728b)
Start importing Assets/Models/Free Low Poly Gold/Gold-09.fbx using Guid(4f5c9c40e16ed2742990510cc7dc5f13) Importer(815301076,1909f56bfc062723c751e8b465ee728b)  -> (artifact id: '80872de9c457faf8fa9e0195ef6421aa') in 0.034757 seconds 
  Import took 0.040816 seconds .

========================================================================
Received Import Request.
  Time since last request: 0.000281 seconds.
  path: Assets/Models/Free Low Poly Gold/Gold-10.fbx
  artifactKey: Guid(916aa04850d3a304aa0f994658b62886) Importer(815301076,1909f56bfc062723c751e8b465ee728b)
Start importing Assets/Models/Free Low Poly Gold/Gold-10.fbx using Guid(916aa04850d3a304aa0f994658b62886) Importer(815301076,1909f56bfc062723c751e8b465ee728b)  -> (artifact id: 'ae7af1d10e1caba7ebf315ad75ac8657') in 0.035503 seconds 
  Import took 0.041638 seconds .

========================================================================
Received Import Request.
  Time since last request: 0.007278 seconds.
  path: Assets/Models/Free Low Poly Gold/Gold-10.fbx
  artifactKey: Guid(916aa04850d3a304aa0f994658b62886) Importer(815301076,1909f56bfc062723c751e8b465ee728b)
Start importing Assets/Models/Free Low Poly Gold/Gold-10.fbx using Guid(916aa04850d3a304aa0f994658b62886) Importer(815301076,1909f56bfc062723c751e8b465ee728b)  -> (artifact id: 'ae7af1d10e1caba7ebf315ad75ac8657') in 0.036413 seconds 
  Import took 0.043122 seconds .

========================================================================
Received Import Request.
  Time since last request: 0.360640 seconds.
  path: Assets/Models/Free Low Poly Gold/Gold-11.fbx
  artifactKey: Guid(e83a6f614b4382b40b22323c53d4f64b) Importer(815301076,1909f56bfc062723c751e8b465ee728b)
Start importing Assets/Models/Free Low Poly Gold/Gold-11.fbx using Guid(e83a6f614b4382b40b22323c53d4f64b) Importer(815301076,1909f56bfc062723c751e8b465ee728b)  -> (artifact id: 'db76e94402d762a621ba359437fe57bf') in 0.033835 seconds 
  Import took 0.040562 seconds .

========================================================================
Received Import Request.
  Time since last request: 0.000329 seconds.
  path: Assets/Models/Free Low Poly Gold/Gold-12.fbx
  artifactKey: Guid(83bf2d80ae02bf64a8c470bb711156e1) Importer(815301076,1909f56bfc062723c751e8b465ee728b)
Start importing Assets/Models/Free Low Poly Gold/Gold-12.fbx using Guid(83bf2d80ae02bf64a8c470bb711156e1) Importer(815301076,1909f56bfc062723c751e8b465ee728b)  -> (artifact id: '9746d35fed6866676384d776aa1758d6') in 0.035392 seconds 
  Import took 0.042520 seconds .

========================================================================
Received Import Request.
  Time since last request: 0.005123 seconds.
  path: Assets/Models/Free Low Poly Gold/Gold-12.fbx
  artifactKey: Guid(83bf2d80ae02bf64a8c470bb711156e1) Importer(815301076,1909f56bfc062723c751e8b465ee728b)
Start importing Assets/Models/Free Low Poly Gold/Gold-12.fbx using Guid(83bf2d80ae02bf64a8c470bb711156e1) Importer(815301076,1909f56bfc062723c751e8b465ee728b)  -> (artifact id: '9746d35fed6866676384d776aa1758d6') in 0.037542 seconds 
  Import took 0.044450 seconds .

========================================================================
Received Import Request.
  Time since last request: 0.265118 seconds.
  path: Assets/Models/Free Low Poly Gold/Gold-13.fbx
  artifactKey: Guid(e51f3b681a9b40147beda299387eae8c) Importer(815301076,1909f56bfc062723c751e8b465ee728b)
Start importing Assets/Models/Free Low Poly Gold/Gold-13.fbx using Guid(e51f3b681a9b40147beda299387eae8c) Importer(815301076,1909f56bfc062723c751e8b465ee728b)  -> (artifact id: '26a73aa2a2bf51d5c5e23e1252a0f4e2') in 0.031131 seconds 
  Import took 0.038107 seconds .

========================================================================
Received Import Request.
  Time since last request: 0.000252 seconds.
  path: Assets/Models/Free Low Poly Gold/Gold-16.fbx
  artifactKey: Guid(1fabd7193de2724448c7562416e2232f) Importer(815301076,1909f56bfc062723c751e8b465ee728b)
Start importing Assets/Models/Free Low Poly Gold/Gold-16.fbx using Guid(1fabd7193de2724448c7562416e2232f) Importer(815301076,1909f56bfc062723c751e8b465ee728b)  -> (artifact id: '499253b42b81e95da1e661afa11bac29') in 0.039000 seconds 
  Import took 0.046391 seconds .

========================================================================
Received Import Request.
  Time since last request: 0.000481 seconds.
  path: Assets/Models/Free Low Poly Gold/Gold-13.fbx
  artifactKey: Guid(e51f3b681a9b40147beda299387eae8c) Importer(815301076,1909f56bfc062723c751e8b465ee728b)
Start importing Assets/Models/Free Low Poly Gold/Gold-13.fbx using Guid(e51f3b681a9b40147beda299387eae8c) Importer(815301076,1909f56bfc062723c751e8b465ee728b)  -> (artifact id: '26a73aa2a2bf51d5c5e23e1252a0f4e2') in 0.028853 seconds 
  Import took 0.035931 seconds .

========================================================================
Received Import Request.
  Time since last request: 0.000291 seconds.
  path: Assets/Models/Free Low Poly Gold/Gold-14.fbx
  artifactKey: Guid(a4ab6e40ce59035439012ba5a9a67aa0) Importer(815301076,1909f56bfc062723c751e8b465ee728b)
Start importing Assets/Models/Free Low Poly Gold/Gold-14.fbx using Guid(a4ab6e40ce59035439012ba5a9a67aa0) Importer(815301076,1909f56bfc062723c751e8b465ee728b)  -> (artifact id: 'c0c1a74443b8a48b86524b8734b2d81a') in 0.039920 seconds 
  Import took 0.046084 seconds .

========================================================================
Received Import Request.
  Time since last request: 0.000323 seconds.
  path: Assets/Models/Free Low Poly Gold/Gold-15.fbx
  artifactKey: Guid(fd5b1062e47753c4f84e28c77b8ff67d) Importer(815301076,1909f56bfc062723c751e8b465ee728b)
Start importing Assets/Models/Free Low Poly Gold/Gold-15.fbx using Guid(fd5b1062e47753c4f84e28c77b8ff67d) Importer(815301076,1909f56bfc062723c751e8b465ee728b)  -> (artifact id: '0311c0000c9e4e9ae096948193e05765') in 0.034139 seconds 
  Import took 0.042120 seconds .

========================================================================
Received Import Request.
  Time since last request: 0.002917 seconds.
  path: Assets/Models/Free Low Poly Gold/Gold-15.fbx
  artifactKey: Guid(fd5b1062e47753c4f84e28c77b8ff67d) Importer(815301076,1909f56bfc062723c751e8b465ee728b)
Start importing Assets/Models/Free Low Poly Gold/Gold-15.fbx using Guid(fd5b1062e47753c4f84e28c77b8ff67d) Importer(815301076,1909f56bfc062723c751e8b465ee728b)  -> (artifact id: '0311c0000c9e4e9ae096948193e05765') in 0.033321 seconds 
  Import took 0.042600 seconds .

========================================================================
Received Import Request.
  Time since last request: 0.129282 seconds.
  path: Assets/Models/Free Low Poly Gold/Gold-17.fbx
  artifactKey: Guid(dd2c255b56f14d6449b11f4263aa6612) Importer(815301076,1909f56bfc062723c751e8b465ee728b)
Start importing Assets/Models/Free Low Poly Gold/Gold-17.fbx using Guid(dd2c255b56f14d6449b11f4263aa6612) Importer(815301076,1909f56bfc062723c751e8b465ee728b)  -> (artifact id: 'a1cade525d2817f76cf6198ba23bd458') in 0.031124 seconds 
  Import took 0.038778 seconds .

========================================================================
Received Import Request.
  Time since last request: 0.000319 seconds.
  path: Assets/Models/Free Low Poly Gold/Gold-20.fbx
  artifactKey: Guid(da57593bd804e5e40a2758ecaaa6007b) Importer(815301076,1909f56bfc062723c751e8b465ee728b)
Start importing Assets/Models/Free Low Poly Gold/Gold-20.fbx using Guid(da57593bd804e5e40a2758ecaaa6007b) Importer(815301076,1909f56bfc062723c751e8b465ee728b)  -> (artifact id: 'f17e7fc500b2d27b86580b075a5f6eda') in 0.035509 seconds 
  Import took 0.042928 seconds .

========================================================================
Received Import Request.
  Time since last request: 0.000324 seconds.
  path: Assets/Models/Free Low Poly Gold/Gold-17.fbx
  artifactKey: Guid(dd2c255b56f14d6449b11f4263aa6612) Importer(815301076,1909f56bfc062723c751e8b465ee728b)
Start importing Assets/Models/Free Low Poly Gold/Gold-17.fbx using Guid(dd2c255b56f14d6449b11f4263aa6612) Importer(815301076,1909f56bfc062723c751e8b465ee728b)  -> (artifact id: 'a1cade525d2817f76cf6198ba23bd458') in 0.030091 seconds 
  Import took 0.038362 seconds .

========================================================================
Received Import Request.
  Time since last request: 0.000237 seconds.
  path: Assets/Models/Free Low Poly Gold/Gold-19.fbx
  artifactKey: Guid(18100771dc5bde246abe8eb42228f682) Importer(815301076,1909f56bfc062723c751e8b465ee728b)
Start importing Assets/Models/Free Low Poly Gold/Gold-19.fbx using Guid(18100771dc5bde246abe8eb42228f682) Importer(815301076,1909f56bfc062723c751e8b465ee728b)  -> (artifact id: '0bc67395a94738daf0bf2b424bda0d7e') in 0.039360 seconds 
  Import took 0.046987 seconds .

========================================================================
Received Import Request.
  Time since last request: 0.000347 seconds.
  path: Assets/Models/Free Low Poly Gold/Gold-18.fbx
  artifactKey: Guid(ed8ed7c80ccb6974880d77a1c05401e1) Importer(815301076,1909f56bfc062723c751e8b465ee728b)
Start importing Assets/Models/Free Low Poly Gold/Gold-18.fbx using Guid(ed8ed7c80ccb6974880d77a1c05401e1) Importer(815301076,1909f56bfc062723c751e8b465ee728b)  -> (artifact id: '18a588dfbfa6c18fecbd8f2076837b5d') in 0.031840 seconds 
  Import took 0.039542 seconds .

========================================================================
Received Import Request.
  Time since last request: 0.003594 seconds.
  path: Assets/Models/Free Low Poly Gold/Gold-18.fbx
  artifactKey: Guid(ed8ed7c80ccb6974880d77a1c05401e1) Importer(815301076,1909f56bfc062723c751e8b465ee728b)
Start importing Assets/Models/Free Low Poly Gold/Gold-18.fbx using Guid(ed8ed7c80ccb6974880d77a1c05401e1) Importer(815301076,1909f56bfc062723c751e8b465ee728b)  -> (artifact id: '18a588dfbfa6c18fecbd8f2076837b5d') in 0.034107 seconds 
  Import took 0.040935 seconds .

========================================================================
Received Import Request.
  Time since last request: 523.200567 seconds.
  path: Assets/Models/SonicRing.fbx
  artifactKey: Guid(25822920690addb428f51dd7201f9996) Importer(815301076,1909f56bfc062723c751e8b465ee728b)
Start importing Assets/Models/SonicRing.fbx using Guid(25822920690addb428f51dd7201f9996) Importer(815301076,1909f56bfc062723c751e8b465ee728b)  -> (artifact id: '989a58402240a12800f7ae0c04357146') in 0.033434 seconds 
  Import took 0.040406 seconds .

========================================================================
Received Import Request.
  Time since last request: 314.670025 seconds.
  path: Assets/Tree.prefab
  artifactKey: Guid(126d5b90c999492469b12bbc6c6dc6e6) Importer(815301076,1909f56bfc062723c751e8b465ee728b)
Start importing Assets/Tree.prefab using Guid(126d5b90c999492469b12bbc6c6dc6e6) Importer(815301076,1909f56bfc062723c751e8b465ee728b)  -> (artifact id: '0301ce0cf044d6b905e2a9f8888d3db1') in 0.219897 seconds 
  Import took 0.226513 seconds .

========================================================================
Received Import Request.
  Time since last request: 7.681422 seconds.
  path: Assets/Prefabs
  artifactKey: Guid(01420bbfbf4ad7a4191c23e5f5c2284d) Importer(815301076,1909f56bfc062723c751e8b465ee728b)
Start importing Assets/Prefabs using Guid(01420bbfbf4ad7a4191c23e5f5c2284d) Importer(815301076,1909f56bfc062723c751e8b465ee728b)  -> (artifact id: 'd5627029f6f768459e865aa00740305d') in 0.009161 seconds 
  Import took 0.016225 seconds .

========================================================================
Received Import Request.
  Time since last request: 15.299067 seconds.
  path: Assets/Audio/SonicRingSoundEffect.mp3
  artifactKey: Guid(27c04a07a7b4ff64ea8d7885a38cf3a4) Importer(815301076,1909f56bfc062723c751e8b465ee728b)
Start importing Assets/Audio/SonicRingSoundEffect.mp3 using Guid(27c04a07a7b4ff64ea8d7885a38cf3a4) Importer(815301076,1909f56bfc062723c751e8b465ee728b)  -> (artifact id: 'd1d920d1d6b7725e52e8f1079a9cd5df') in 0.025329 seconds 
  Import took 0.030928 seconds .

========================================================================
Received Import Request.
  Time since last request: 744.552602 seconds.
  path: Assets/Scripts/RingPickUp.cs
  artifactKey: Guid(02071bd978c7a1849b7825020ff3490f) Importer(815301076,1909f56bfc062723c751e8b465ee728b)
Start importing Assets/Scripts/RingPickUp.cs using Guid(02071bd978c7a1849b7825020ff3490f) Importer(815301076,1909f56bfc062723c751e8b465ee728b)  -> (artifact id: 'fd2a009f27f32d11b7f2104f66216ca4') in 0.007919 seconds 
  Import took 0.013189 seconds .

========================================================================
Received Prepare
Registering precompiled user dll's ...
Registered in 0.003192 seconds.
Begin MonoManager ReloadAssembly
Native extension for WindowsStandalone target not found
Native extension for WebGL target not found
Refreshing native plugins compatible for Editor in 0.49 ms, found 2 plugins.
Preloading 0 native plugins for Editor in 0.00 ms.
Mono: successfully reloaded assembly
- Completed reload, in  0.942 seconds
Platform modules already initialized, skipping
Refreshing native plugins compatible for Editor in 0.48 ms, found 2 plugins.
Preloading 0 native plugins for Editor in 0.00 ms.
Unloading 2840 Unused Serialized files (Serialized files now loaded: 0)
System memory in use before: 125.6 MB.
System memory in use after: 125.8 MB.

Unloading 16 unused Assets to reduce memory usage. Loaded Objects now: 3369.
Total: 2.327800 ms (FindLiveObjects: 0.309400 ms CreateObjectMapping: 0.179600 ms MarkObjects: 1.784700 ms  DeleteObjects: 0.052800 ms)

AssetImportParameters requested are different than current active one (requested -> active):
  custom:framework-win-MediaFoundation: 216162199b28c13a410421893ffa2e32 -> 
  custom:video-decoder-ogg-theora: a1e56fd34408186e4bbccfd4996cb3dc -> 
  custom:container-muxer-webm: aa71ff27fc2769a1b78a27578f13a17b -> 
  custom:container-demuxer-webm: 4f35f7cbe854078d1ac9338744f61a02 -> 
  custom:container-demuxer-ogg: 62fdf1f143b41e24485cea50d1cbac27 -> 
  custom:video-encoder-webm-vp8: eb34c28f22e8b96e1ab97ce403110664 -> 
  custom:video-decoder-webm-vp8: 9c59270c3fd7afecdb556c50c9e8de78 -> 
  custom:audio-decoder-ogg-vorbis: bf7c407c2cedff20999df2af8eb42d56 -> 
  custom:audio-encoder-webm-vorbis: bf7c407c2cedff20999df2af8eb42d56 -> 
========================================================================
Received Import Request.
  Time since last request: 8.213483 seconds.
  path: Assets/Scripts/GameManager.cs
  artifactKey: Guid(9ff09ef06f9246b45abfae41780f957c) Importer(815301076,1909f56bfc062723c751e8b465ee728b)
Start importing Assets/Scripts/GameManager.cs using Guid(9ff09ef06f9246b45abfae41780f957c) Importer(815301076,1909f56bfc062723c751e8b465ee728b)  -> (artifact id: '04a44bf84419dd4f5824da189efc441f') in 0.008505 seconds 
  Import took 0.013707 seconds .

========================================================================
Received Import Request.
  Time since last request: 0.019173 seconds.
  path: Assets/Scripts/GameManager.cs
  artifactKey: Guid(9ff09ef06f9246b45abfae41780f957c) Importer(815301076,1909f56bfc062723c751e8b465ee728b)
Start importing Assets/Scripts/GameManager.cs using Guid(9ff09ef06f9246b45abfae41780f957c) Importer(815301076,1909f56bfc062723c751e8b465ee728b)  -> (artifact id: '04a44bf84419dd4f5824da189efc441f') in 0.001667 seconds 
  Import took 0.006044 seconds .

========================================================================
Received Prepare
Registering precompiled user dll's ...
Registered in 0.003258 seconds.
Begin MonoManager ReloadAssembly
Native extension for WindowsStandalone target not found
Native extension for WebGL target not found
Refreshing native plugins compatible for Editor in 0.48 ms, found 2 plugins.
Preloading 0 native plugins for Editor in 0.00 ms.
Mono: successfully reloaded assembly
- Completed reload, in  0.927 seconds
Platform modules already initialized, skipping
Refreshing native plugins compatible for Editor in 0.49 ms, found 2 plugins.
Preloading 0 native plugins for Editor in 0.00 ms.
Unloading 2841 Unused Serialized files (Serialized files now loaded: 0)
System memory in use before: 125.6 MB.
System memory in use after: 125.8 MB.

Unloading 16 unused Assets to reduce memory usage. Loaded Objects now: 3373.
Total: 1.997100 ms (FindLiveObjects: 0.284700 ms CreateObjectMapping: 0.134700 ms MarkObjects: 1.534800 ms  DeleteObjects: 0.041700 ms)

AssetImportParameters requested are different than current active one (requested -> active):
  custom:framework-win-MediaFoundation: 216162199b28c13a410421893ffa2e32 -> 
  custom:video-decoder-ogg-theora: a1e56fd34408186e4bbccfd4996cb3dc -> 
  custom:container-muxer-webm: aa71ff27fc2769a1b78a27578f13a17b -> 
  custom:container-demuxer-webm: 4f35f7cbe854078d1ac9338744f61a02 -> 
  custom:container-demuxer-ogg: 62fdf1f143b41e24485cea50d1cbac27 -> 
  custom:video-encoder-webm-vp8: eb34c28f22e8b96e1ab97ce403110664 -> 
  custom:video-decoder-webm-vp8: 9c59270c3fd7afecdb556c50c9e8de78 -> 
  custom:audio-decoder-ogg-vorbis: bf7c407c2cedff20999df2af8eb42d56 -> 
  custom:audio-encoder-webm-vorbis: bf7c407c2cedff20999df2af8eb42d56 -> 
========================================================================
Received Prepare
Registering precompiled user dll's ...
Registered in 0.004576 seconds.
Begin MonoManager ReloadAssembly
Native extension for WindowsStandalone target not found
Native extension for WebGL target not found
Refreshing native plugins compatible for Editor in 0.55 ms, found 2 plugins.
Preloading 0 native plugins for Editor in 0.00 ms.
Mono: successfully reloaded assembly
- Completed reload, in  0.918 seconds
Platform modules already initialized, skipping
Refreshing native plugins compatible for Editor in 0.64 ms, found 2 plugins.
Preloading 0 native plugins for Editor in 0.00 ms.
Unloading 2841 Unused Serialized files (Serialized files now loaded: 0)
System memory in use before: 125.7 MB.
System memory in use after: 125.9 MB.

Unloading 16 unused Assets to reduce memory usage. Loaded Objects now: 3376.
Total: 2.688100 ms (FindLiveObjects: 0.242600 ms CreateObjectMapping: 0.127600 ms MarkObjects: 2.262400 ms  DeleteObjects: 0.054700 ms)

AssetImportParameters requested are different than current active one (requested -> active):
  custom:framework-win-MediaFoundation: 216162199b28c13a410421893ffa2e32 -> 
  custom:video-decoder-ogg-theora: a1e56fd34408186e4bbccfd4996cb3dc -> 
  custom:container-muxer-webm: aa71ff27fc2769a1b78a27578f13a17b -> 
  custom:container-demuxer-webm: 4f35f7cbe854078d1ac9338744f61a02 -> 
  custom:container-demuxer-ogg: 62fdf1f143b41e24485cea50d1cbac27 -> 
  custom:video-encoder-webm-vp8: eb34c28f22e8b96e1ab97ce403110664 -> 
  custom:video-decoder-webm-vp8: 9c59270c3fd7afecdb556c50c9e8de78 -> 
  custom:audio-decoder-ogg-vorbis: bf7c407c2cedff20999df2af8eb42d56 -> 
  custom:audio-encoder-webm-vorbis: bf7c407c2cedff20999df2af8eb42d56 -> 
========================================================================
Received Import Request.
  Time since last request: 536.998994 seconds.
  path: Assets/Scripts/GameManager.cs
  artifactKey: Guid(9ff09ef06f9246b45abfae41780f957c) Importer(815301076,1909f56bfc062723c751e8b465ee728b)
Start importing Assets/Scripts/GameManager.cs using Guid(9ff09ef06f9246b45abfae41780f957c) Importer(815301076,1909f56bfc062723c751e8b465ee728b)  -> (artifact id: 'da1f3890eb3dece606bbd3b00878c618') in 0.004456 seconds 
  Import took 0.010290 seconds .

========================================================================
Received Prepare
Registering precompiled user dll's ...
Registered in 0.003198 seconds.
Begin MonoManager ReloadAssembly
Native extension for WindowsStandalone target not found
Native extension for WebGL target not found
Refreshing native plugins compatible for Editor in 1.07 ms, found 2 plugins.
Preloading 0 native plugins for Editor in 0.00 ms.
Mono: successfully reloaded assembly
- Completed reload, in  0.946 seconds
Platform modules already initialized, skipping
Refreshing native plugins compatible for Editor in 0.60 ms, found 2 plugins.
Preloading 0 native plugins for Editor in 0.00 ms.
Unloading 2841 Unused Serialized files (Serialized files now loaded: 0)
System memory in use before: 125.7 MB.
System memory in use after: 125.9 MB.

Unloading 16 unused Assets to reduce memory usage. Loaded Objects now: 3379.
Total: 2.439800 ms (FindLiveObjects: 0.253500 ms CreateObjectMapping: 0.136700 ms MarkObjects: 1.992200 ms  DeleteObjects: 0.056400 ms)

AssetImportParameters requested are different than current active one (requested -> active):
  custom:framework-win-MediaFoundation: 216162199b28c13a410421893ffa2e32 -> 
  custom:video-decoder-ogg-theora: a1e56fd34408186e4bbccfd4996cb3dc -> 
  custom:container-muxer-webm: aa71ff27fc2769a1b78a27578f13a17b -> 
  custom:container-demuxer-webm: 4f35f7cbe854078d1ac9338744f61a02 -> 
  custom:container-demuxer-ogg: 62fdf1f143b41e24485cea50d1cbac27 -> 
  custom:video-encoder-webm-vp8: eb34c28f22e8b96e1ab97ce403110664 -> 
  custom:video-decoder-webm-vp8: 9c59270c3fd7afecdb556c50c9e8de78 -> 
  custom:audio-decoder-ogg-vorbis: bf7c407c2cedff20999df2af8eb42d56 -> 
  custom:audio-encoder-webm-vorbis: bf7c407c2cedff20999df2af8eb42d56 -> 
========================================================================
Received Prepare
Registering precompiled user dll's ...
Registered in 0.003747 seconds.
Begin MonoManager ReloadAssembly
Native extension for WindowsStandalone target not found
Native extension for WebGL target not found
Refreshing native plugins compatible for Editor in 0.48 ms, found 2 plugins.
Preloading 0 native plugins for Editor in 0.00 ms.
Mono: successfully reloaded assembly
- Completed reload, in  0.929 seconds
Platform modules already initialized, skipping
Refreshing native plugins compatible for Editor in 0.52 ms, found 2 plugins.
Preloading 0 native plugins for Editor in 0.00 ms.
Unloading 2841 Unused Serialized files (Serialized files now loaded: 0)
System memory in use before: 125.7 MB.
System memory in use after: 125.9 MB.

Unloading 16 unused Assets to reduce memory usage. Loaded Objects now: 3382.
Total: 2.077800 ms (FindLiveObjects: 0.268000 ms CreateObjectMapping: 0.162500 ms MarkObjects: 1.581500 ms  DeleteObjects: 0.064900 ms)

AssetImportParameters requested are different than current active one (requested -> active):
  custom:framework-win-MediaFoundation: 216162199b28c13a410421893ffa2e32 -> 
  custom:video-decoder-ogg-theora: a1e56fd34408186e4bbccfd4996cb3dc -> 
  custom:container-muxer-webm: aa71ff27fc2769a1b78a27578f13a17b -> 
  custom:container-demuxer-webm: 4f35f7cbe854078d1ac9338744f61a02 -> 
  custom:container-demuxer-ogg: 62fdf1f143b41e24485cea50d1cbac27 -> 
  custom:video-encoder-webm-vp8: eb34c28f22e8b96e1ab97ce403110664 -> 
  custom:video-decoder-webm-vp8: 9c59270c3fd7afecdb556c50c9e8de78 -> 
  custom:audio-decoder-ogg-vorbis: bf7c407c2cedff20999df2af8eb42d56 -> 
  custom:audio-encoder-webm-vorbis: bf7c407c2cedff20999df2af8eb42d56 -> 
========================================================================
Received Import Request.
  Time since last request: 1058.528375 seconds.
  path: Assets/Prefabs/RingPickUpSparkle.prefab
  artifactKey: Guid(5622e7ba7fb639c45b4c1aecd8d613e0) Importer(815301076,1909f56bfc062723c751e8b465ee728b)
Start importing Assets/Prefabs/RingPickUpSparkle.prefab using Guid(5622e7ba7fb639c45b4c1aecd8d613e0) Importer(815301076,1909f56bfc062723c751e8b465ee728b)  -> (artifact id: '6a2e7eb8131fcf3610d7f2ce3d0ea8a4') in 0.039755 seconds 
  Import took 0.045489 seconds .

========================================================================
Received Prepare
Registering precompiled user dll's ...
Registered in 0.003564 seconds.
Begin MonoManager ReloadAssembly
Native extension for WindowsStandalone target not found
Native extension for WebGL target not found
Refreshing native plugins compatible for Editor in 0.83 ms, found 2 plugins.
Preloading 0 native plugins for Editor in 0.00 ms.
Mono: successfully reloaded assembly
- Completed reload, in  0.973 seconds
Platform modules already initialized, skipping
Refreshing native plugins compatible for Editor in 0.52 ms, found 2 plugins.
Preloading 0 native plugins for Editor in 0.00 ms.
Unloading 2841 Unused Serialized files (Serialized files now loaded: 0)
System memory in use before: 125.7 MB.
System memory in use after: 125.9 MB.

Unloading 16 unused Assets to reduce memory usage. Loaded Objects now: 3385.
Total: 2.060000 ms (FindLiveObjects: 0.258300 ms CreateObjectMapping: 0.138400 ms MarkObjects: 1.616200 ms  DeleteObjects: 0.046100 ms)

AssetImportParameters requested are different than current active one (requested -> active):
  custom:framework-win-MediaFoundation: 216162199b28c13a410421893ffa2e32 -> 
  custom:video-decoder-ogg-theora: a1e56fd34408186e4bbccfd4996cb3dc -> 
  custom:container-muxer-webm: aa71ff27fc2769a1b78a27578f13a17b -> 
  custom:container-demuxer-webm: 4f35f7cbe854078d1ac9338744f61a02 -> 
  custom:container-demuxer-ogg: 62fdf1f143b41e24485cea50d1cbac27 -> 
  custom:video-encoder-webm-vp8: eb34c28f22e8b96e1ab97ce403110664 -> 
  custom:video-decoder-webm-vp8: 9c59270c3fd7afecdb556c50c9e8de78 -> 
  custom:audio-decoder-ogg-vorbis: bf7c407c2cedff20999df2af8eb42d56 -> 
  custom:audio-encoder-webm-vorbis: bf7c407c2cedff20999df2af8eb42d56 -> 
========================================================================
Received Import Request.
  Time since last request: 558.257339 seconds.
  path: Assets/Scripts/DestroyOverTime.cs
  artifactKey: Guid(bdada850cd53d0d45b29d4b529bc15dd) Importer(815301076,1909f56bfc062723c751e8b465ee728b)
Start importing Assets/Scripts/DestroyOverTime.cs using Guid(bdada850cd53d0d45b29d4b529bc15dd) Importer(815301076,1909f56bfc062723c751e8b465ee728b)  -> (artifact id: '554f37aed9de10ab3b12b93447349b7b') in 0.009583 seconds 
  Import took 0.015429 seconds .

========================================================================
Received Prepare
Registering precompiled user dll's ...
Registered in 0.003098 seconds.
Begin MonoManager ReloadAssembly
Native extension for WindowsStandalone target not found
Native extension for WebGL target not found
Refreshing native plugins compatible for Editor in 0.52 ms, found 2 plugins.
Preloading 0 native plugins for Editor in 0.00 ms.
Mono: successfully reloaded assembly
- Completed reload, in  1.083 seconds
Platform modules already initialized, skipping
Refreshing native plugins compatible for Editor in 0.74 ms, found 2 plugins.
Preloading 0 native plugins for Editor in 0.00 ms.
Unloading 2842 Unused Serialized files (Serialized files now loaded: 0)
System memory in use before: 125.7 MB.
System memory in use after: 125.9 MB.

Unloading 16 unused Assets to reduce memory usage. Loaded Objects now: 3389.
Total: 2.127300 ms (FindLiveObjects: 0.256500 ms CreateObjectMapping: 0.128600 ms MarkObjects: 1.697800 ms  DeleteObjects: 0.043600 ms)

AssetImportParameters requested are different than current active one (requested -> active):
  custom:framework-win-MediaFoundation: 216162199b28c13a410421893ffa2e32 -> 
  custom:video-decoder-ogg-theora: a1e56fd34408186e4bbccfd4996cb3dc -> 
  custom:container-muxer-webm: aa71ff27fc2769a1b78a27578f13a17b -> 
  custom:container-demuxer-webm: 4f35f7cbe854078d1ac9338744f61a02 -> 
  custom:container-demuxer-ogg: 62fdf1f143b41e24485cea50d1cbac27 -> 
  custom:video-encoder-webm-vp8: eb34c28f22e8b96e1ab97ce403110664 -> 
  custom:video-decoder-webm-vp8: 9c59270c3fd7afecdb556c50c9e8de78 -> 
  custom:audio-decoder-ogg-vorbis: bf7c407c2cedff20999df2af8eb42d56 -> 
  custom:audio-encoder-webm-vorbis: bf7c407c2cedff20999df2af8eb42d56 -> 
========================================================================
Received Prepare
Registering precompiled user dll's ...
Registered in 0.003553 seconds.
Begin MonoManager ReloadAssembly
Native extension for WindowsStandalone target not found
Native extension for WebGL target not found
Refreshing native plugins compatible for Editor in 0.64 ms, found 2 plugins.
Preloading 0 native plugins for Editor in 0.00 ms.
Mono: successfully reloaded assembly
- Completed reload, in  0.962 seconds
Platform modules already initialized, skipping
Refreshing native plugins compatible for Editor in 0.51 ms, found 2 plugins.
Preloading 0 native plugins for Editor in 0.00 ms.
Unloading 2842 Unused Serialized files (Serialized files now loaded: 0)
System memory in use before: 125.7 MB.
System memory in use after: 125.9 MB.

Unloading 16 unused Assets to reduce memory usage. Loaded Objects now: 3392.
Total: 2.325600 ms (FindLiveObjects: 0.298500 ms CreateObjectMapping: 0.131600 ms MarkObjects: 1.836800 ms  DeleteObjects: 0.057900 ms)

AssetImportParameters requested are different than current active one (requested -> active):
  custom:framework-win-MediaFoundation: 216162199b28c13a410421893ffa2e32 -> 
  custom:video-decoder-ogg-theora: a1e56fd34408186e4bbccfd4996cb3dc -> 
  custom:container-muxer-webm: aa71ff27fc2769a1b78a27578f13a17b -> 
  custom:container-demuxer-webm: 4f35f7cbe854078d1ac9338744f61a02 -> 
  custom:container-demuxer-ogg: 62fdf1f143b41e24485cea50d1cbac27 -> 
  custom:video-encoder-webm-vp8: eb34c28f22e8b96e1ab97ce403110664 -> 
  custom:video-decoder-webm-vp8: 9c59270c3fd7afecdb556c50c9e8de78 -> 
  custom:audio-decoder-ogg-vorbis: bf7c407c2cedff20999df2af8eb42d56 -> 
  custom:audio-encoder-webm-vorbis: bf7c407c2cedff20999df2af8eb42d56 -> 
========================================================================
Received Import Request.
  Time since last request: 91.965706 seconds.
  path: Assets/Scripts/DestroyOverTime.cs
  artifactKey: Guid(bdada850cd53d0d45b29d4b529bc15dd) Importer(815301076,1909f56bfc062723c751e8b465ee728b)
Start importing Assets/Scripts/DestroyOverTime.cs using Guid(bdada850cd53d0d45b29d4b529bc15dd) Importer(815301076,1909f56bfc062723c751e8b465ee728b)  -> (artifact id: 'b7d8fbedcb7cac43984338847993d3a4') in 0.004451 seconds 
  Import took 0.008303 seconds .

========================================================================
Received Import Request.
  Time since last request: 9.605861 seconds.
  path: Assets/Prefabs/RingPickUpSparkle.prefab
  artifactKey: Guid(5622e7ba7fb639c45b4c1aecd8d613e0) Importer(815301076,1909f56bfc062723c751e8b465ee728b)
Start importing Assets/Prefabs/RingPickUpSparkle.prefab using Guid(5622e7ba7fb639c45b4c1aecd8d613e0) Importer(815301076,1909f56bfc062723c751e8b465ee728b)  -> (artifact id: '6a8beeb1534b4d444fd63e23f6c3eac5') in 0.026208 seconds 
  Import took 0.031440 seconds .

========================================================================
Received Import Request.
  Time since last request: 6.113985 seconds.
  path: Assets/Prefabs/RingPickUpSparkle.prefab
  artifactKey: Guid(5622e7ba7fb639c45b4c1aecd8d613e0) Importer(815301076,1909f56bfc062723c751e8b465ee728b)
Start importing Assets/Prefabs/RingPickUpSparkle.prefab using Guid(5622e7ba7fb639c45b4c1aecd8d613e0) Importer(815301076,1909f56bfc062723c751e8b465ee728b)  -> (artifact id: 'a16b855134e690187bae408bfede0787') in 0.004364 seconds 
  Import took 0.008260 seconds .

========================================================================
Received Import Request.
  Time since last request: 11.627434 seconds.
  path: Assets/Prefabs/RingPickUpSparkle.prefab
  artifactKey: Guid(5622e7ba7fb639c45b4c1aecd8d613e0) Importer(815301076,1909f56bfc062723c751e8b465ee728b)
Start importing Assets/Prefabs/RingPickUpSparkle.prefab using Guid(5622e7ba7fb639c45b4c1aecd8d613e0) Importer(815301076,1909f56bfc062723c751e8b465ee728b)  -> (artifact id: '6e279f182f7a532957c9fd3c4debde44') in 0.003235 seconds 
  Import took 0.007749 seconds .

========================================================================
Received Import Request.
  Time since last request: 156.260978 seconds.
  path: Assets/Prefabs/RingPickUpSparkle.prefab
  artifactKey: Guid(5622e7ba7fb639c45b4c1aecd8d613e0) Importer(815301076,1909f56bfc062723c751e8b465ee728b)
Start importing Assets/Prefabs/RingPickUpSparkle.prefab using Guid(5622e7ba7fb639c45b4c1aecd8d613e0) Importer(815301076,1909f56bfc062723c751e8b465ee728b)  -> (artifact id: '0da8c0b3d28892cc4427b34acc3a55cd') in 0.003996 seconds 
  Import took 0.008441 seconds .

========================================================================
Received Import Request.
  Time since last request: 5.211145 seconds.
  path: Assets/Prefabs/RingPickUpSparkle.prefab
  artifactKey: Guid(5622e7ba7fb639c45b4c1aecd8d613e0) Importer(815301076,1909f56bfc062723c751e8b465ee728b)
Start importing Assets/Prefabs/RingPickUpSparkle.prefab using Guid(5622e7ba7fb639c45b4c1aecd8d613e0) Importer(815301076,1909f56bfc062723c751e8b465ee728b)  -> (artifact id: '6bb5f526c406cc82bed9359d0ca203e7') in 0.003733 seconds 
  Import took 0.008858 seconds .

========================================================================
Received Import Request.
  Time since last request: 1.810384 seconds.
  path: Assets/Prefabs/RingPickUpSparkle.prefab
  artifactKey: Guid(5622e7ba7fb639c45b4c1aecd8d613e0) Importer(815301076,1909f56bfc062723c751e8b465ee728b)
Start importing Assets/Prefabs/RingPickUpSparkle.prefab using Guid(5622e7ba7fb639c45b4c1aecd8d613e0) Importer(815301076,1909f56bfc062723c751e8b465ee728b)  -> (artifact id: '0c275bfa5b351fc299c35e9c7a9208eb') in 0.003171 seconds 
  Import took 0.007800 seconds .

========================================================================
Received Import Request.
  Time since last request: 5.223543 seconds.
  path: Assets/Prefabs/RingPickUpSparkle.prefab
  artifactKey: Guid(5622e7ba7fb639c45b4c1aecd8d613e0) Importer(815301076,1909f56bfc062723c751e8b465ee728b)
Start importing Assets/Prefabs/RingPickUpSparkle.prefab using Guid(5622e7ba7fb639c45b4c1aecd8d613e0) Importer(815301076,1909f56bfc062723c751e8b465ee728b)  -> (artifact id: 'ac8c9cf38c0a1f544500bde6a6246ba8') in 0.003415 seconds 
  Import took 0.007921 seconds .

========================================================================
Received Import Request.
  Time since last request: 26.576015 seconds.
  path: ProjectSettings/TagManager.asset
  artifactKey: Guid(00000000000000003000000000000000) Importer(815301076,1909f56bfc062723c751e8b465ee728b)
Start importing ProjectSettings/TagManager.asset using Guid(00000000000000003000000000000000) Importer(815301076,1909f56bfc062723c751e8b465ee728b)  -> (artifact id: 'd5dc621e141d53d72152b4639a3a2091') in 0.007344 seconds 
  Import took 0.011971 seconds .

========================================================================
Received Prepare
Registering precompiled user dll's ...
Registered in 0.003094 seconds.
Begin MonoManager ReloadAssembly
Native extension for WindowsStandalone target not found
Native extension for WebGL target not found
Refreshing native plugins compatible for Editor in 0.48 ms, found 2 plugins.
Preloading 0 native plugins for Editor in 0.00 ms.
Mono: successfully reloaded assembly
- Completed reload, in  0.885 seconds
Platform modules already initialized, skipping
Refreshing native plugins compatible for Editor in 0.49 ms, found 2 plugins.
Preloading 0 native plugins for Editor in 0.00 ms.
Unloading 2842 Unused Serialized files (Serialized files now loaded: 0)
System memory in use before: 125.7 MB.
System memory in use after: 125.9 MB.

Unloading 17 unused Assets to reduce memory usage. Loaded Objects now: 3395.
Total: 2.376400 ms (FindLiveObjects: 0.252900 ms CreateObjectMapping: 0.126700 ms MarkObjects: 1.949100 ms  DeleteObjects: 0.046600 ms)

AssetImportParameters requested are different than current active one (requested -> active):
  custom:framework-win-MediaFoundation: 216162199b28c13a410421893ffa2e32 -> 
  custom:video-decoder-ogg-theora: a1e56fd34408186e4bbccfd4996cb3dc -> 
  custom:container-muxer-webm: aa71ff27fc2769a1b78a27578f13a17b -> 
  custom:container-demuxer-webm: 4f35f7cbe854078d1ac9338744f61a02 -> 
  custom:container-demuxer-ogg: 62fdf1f143b41e24485cea50d1cbac27 -> 
  custom:video-encoder-webm-vp8: eb34c28f22e8b96e1ab97ce403110664 -> 
  custom:video-decoder-webm-vp8: 9c59270c3fd7afecdb556c50c9e8de78 -> 
  custom:audio-decoder-ogg-vorbis: bf7c407c2cedff20999df2af8eb42d56 -> 
  custom:audio-encoder-webm-vorbis: bf7c407c2cedff20999df2af8eb42d56 -> 
========================================================================
Received Prepare
Registering precompiled user dll's ...
Registered in 0.003033 seconds.
Begin MonoManager ReloadAssembly
Native extension for WindowsStandalone target not found
Native extension for WebGL target not found
Refreshing native plugins compatible for Editor in 0.51 ms, found 2 plugins.
Preloading 0 native plugins for Editor in 0.00 ms.
Mono: successfully reloaded assembly
- Completed reload, in  0.893 seconds
Platform modules already initialized, skipping
Refreshing native plugins compatible for Editor in 0.48 ms, found 2 plugins.
Preloading 0 native plugins for Editor in 0.00 ms.
Unloading 2842 Unused Serialized files (Serialized files now loaded: 0)
System memory in use before: 125.7 MB.
System memory in use after: 125.9 MB.

Unloading 16 unused Assets to reduce memory usage. Loaded Objects now: 3398.
Total: 2.168300 ms (FindLiveObjects: 0.240600 ms CreateObjectMapping: 0.124300 ms MarkObjects: 1.758000 ms  DeleteObjects: 0.044900 ms)

AssetImportParameters requested are different than current active one (requested -> active):
  custom:framework-win-MediaFoundation: 216162199b28c13a410421893ffa2e32 -> 
  custom:video-decoder-ogg-theora: a1e56fd34408186e4bbccfd4996cb3dc -> 
  custom:container-muxer-webm: aa71ff27fc2769a1b78a27578f13a17b -> 
  custom:container-demuxer-webm: 4f35f7cbe854078d1ac9338744f61a02 -> 
  custom:container-demuxer-ogg: 62fdf1f143b41e24485cea50d1cbac27 -> 
  custom:video-encoder-webm-vp8: eb34c28f22e8b96e1ab97ce403110664 -> 
  custom:video-decoder-webm-vp8: 9c59270c3fd7afecdb556c50c9e8de78 -> 
  custom:audio-decoder-ogg-vorbis: bf7c407c2cedff20999df2af8eb42d56 -> 
  custom:audio-encoder-webm-vorbis: bf7c407c2cedff20999df2af8eb42d56 -> 
========================================================================
Received Prepare
Registering precompiled user dll's ...
Registered in 0.002961 seconds.
Begin MonoManager ReloadAssembly
Native extension for WindowsStandalone target not found
Native extension for WebGL target not found
Refreshing native plugins compatible for Editor in 0.48 ms, found 2 plugins.
Preloading 0 native plugins for Editor in 0.00 ms.
Mono: successfully reloaded assembly
- Completed reload, in  0.917 seconds
Platform modules already initialized, skipping
Refreshing native plugins compatible for Editor in 0.48 ms, found 2 plugins.
Preloading 0 native plugins for Editor in 0.00 ms.
Unloading 2842 Unused Serialized files (Serialized files now loaded: 0)
System memory in use before: 125.7 MB.
System memory in use after: 125.9 MB.

Unloading 16 unused Assets to reduce memory usage. Loaded Objects now: 3401.
Total: 2.218600 ms (FindLiveObjects: 0.323900 ms CreateObjectMapping: 0.112100 ms MarkObjects: 1.700600 ms  DeleteObjects: 0.081200 ms)

AssetImportParameters requested are different than current active one (requested -> active):
  custom:framework-win-MediaFoundation: 216162199b28c13a410421893ffa2e32 -> 
  custom:video-decoder-ogg-theora: a1e56fd34408186e4bbccfd4996cb3dc -> 
  custom:container-muxer-webm: aa71ff27fc2769a1b78a27578f13a17b -> 
  custom:container-demuxer-webm: 4f35f7cbe854078d1ac9338744f61a02 -> 
  custom:container-demuxer-ogg: 62fdf1f143b41e24485cea50d1cbac27 -> 
  custom:video-encoder-webm-vp8: eb34c28f22e8b96e1ab97ce403110664 -> 
  custom:video-decoder-webm-vp8: 9c59270c3fd7afecdb556c50c9e8de78 -> 
  custom:audio-decoder-ogg-vorbis: bf7c407c2cedff20999df2af8eb42d56 -> 
  custom:audio-encoder-webm-vorbis: bf7c407c2cedff20999df2af8eb42d56 -> 
========================================================================
Received Prepare
Registering precompiled user dll's ...
Registered in 0.003733 seconds.
Begin MonoManager ReloadAssembly
Native extension for WindowsStandalone target not found
Native extension for WebGL target not found
Refreshing native plugins compatible for Editor in 0.48 ms, found 2 plugins.
Preloading 0 native plugins for Editor in 0.00 ms.
Mono: successfully reloaded assembly
- Completed reload, in  0.892 seconds
Platform modules already initialized, skipping
Refreshing native plugins compatible for Editor in 0.49 ms, found 2 plugins.
Preloading 0 native plugins for Editor in 0.00 ms.
Unloading 2842 Unused Serialized files (Serialized files now loaded: 0)
System memory in use before: 125.8 MB.
System memory in use after: 126.0 MB.

Unloading 16 unused Assets to reduce memory usage. Loaded Objects now: 3404.
Total: 2.219800 ms (FindLiveObjects: 0.254800 ms CreateObjectMapping: 0.135800 ms MarkObjects: 1.741100 ms  DeleteObjects: 0.087300 ms)

AssetImportParameters requested are different than current active one (requested -> active):
  custom:framework-win-MediaFoundation: 216162199b28c13a410421893ffa2e32 -> 
  custom:video-decoder-ogg-theora: a1e56fd34408186e4bbccfd4996cb3dc -> 
  custom:container-muxer-webm: aa71ff27fc2769a1b78a27578f13a17b -> 
  custom:container-demuxer-webm: 4f35f7cbe854078d1ac9338744f61a02 -> 
  custom:container-demuxer-ogg: 62fdf1f143b41e24485cea50d1cbac27 -> 
  custom:video-encoder-webm-vp8: eb34c28f22e8b96e1ab97ce403110664 -> 
  custom:video-decoder-webm-vp8: 9c59270c3fd7afecdb556c50c9e8de78 -> 
  custom:audio-decoder-ogg-vorbis: bf7c407c2cedff20999df2af8eb42d56 -> 
  custom:audio-encoder-webm-vorbis: bf7c407c2cedff20999df2af8eb42d56 -> 
AssetImportWorkerClient::OnTransportError - code=2 error=End of file
